here() starts at /home
── Attaching core tidyverse packages ──────────────────────── tidyverse 2.0.0 ──
✔ dplyr     1.2.1     ✔ readr     2.2.0
✔ forcats   1.0.1     ✔ stringr   1.6.0
✔ ggplot2   4.0.3     ✔ tibble    3.3.1
✔ lubridate 1.9.5     ✔ tidyr     1.3.2
✔ purrr     1.2.2     
── Conflicts ────────────────────────────────────────── tidyverse_conflicts() ──
✖ dplyr::filter() masks stats::filter()
✖ dplyr::lag()    masks stats::lag()
ℹ Use the conflicted package (<http://conflicted.r-lib.org/>) to force all conflicts to become errors
Loading required package: Matrix

Attaching package: ‘Matrix’

The following objects are masked from ‘package:tidyr’:

    expand, pack, unpack


Attaching package: ‘lmerTest’

The following object is masked from ‘package:lme4’:

    lmer

The following object is masked from ‘package:stats’:

    step

Welcome to emmeans.
Caution: You lose important information if you filter this package's results.
See '? untidy'

1.a Overall

NOTE: Results may be misleading due to involvement in interactions
$emm
 Environment response       SE  df lower.CL upper.CL
 Native       0.00126 5.97e-06 432  0.00125  0.00127
 Chrome       0.00313 1.48e-05 432  0.00310  0.00316
 Firefox      0.00205 9.72e-06 432  0.00203  0.00207
 Safari       0.00206 9.78e-06 432  0.00204  0.00208

Results are averaged over the levels of: Run, Buffer.Size, Iteration.Count, Model.Unique 
Degrees-of-freedom method: kenward-roger 
Confidence level used: 0.95 
Intervals are back-transformed from the log scale 

$contr
 contrast         ratio      SE  df null  t.ratio p.value
 Native / Chrome  0.402 0.00270 432    1 -135.552 <0.0001
 Native / Firefox 0.614 0.00413 432    1  -72.524 <0.0001
 Native / Safari  0.611 0.00410 432    1  -73.360 <0.0001
 Chrome / Firefox 1.527 0.01030 432    1   63.028 <0.0001
 Chrome / Safari  1.518 0.01020 432    1   62.192 <0.0001
 Firefox / Safari 0.994 0.00668 432    1   -0.836  0.4035

Results are averaged over the levels of: Run, Buffer.Size, Iteration.Count, Model.Unique 
Degrees-of-freedom method: kenward-roger 
P value adjustment: holm method for 6 tests 
Tests are performed on the log scale 


1.b By buffer size

NOTE: Results may be misleading due to involvement in interactions
$emm
Buffer.Size = 128:
 Environment response       SE  df lower.CL upper.CL
 Native      0.004319 3.55e-05 432 0.004250 0.004389
 Chrome      0.008302 6.83e-05 432 0.008168 0.008437
 Firefox     0.005922 4.87e-05 432 0.005827 0.006019
 Safari      0.006446 5.30e-05 432 0.006343 0.006551

Buffer.Size = 1024:
 Environment response       SE  df lower.CL upper.CL
 Native      0.001137 9.35e-06 432 0.001119 0.001155
 Chrome      0.002769 2.28e-05 432 0.002724 0.002814
 Firefox     0.001797 1.48e-05 432 0.001769 0.001827
 Safari      0.001782 1.47e-05 432 0.001753 0.001811

Buffer.Size = 8192:
 Environment response       SE  df lower.CL upper.CL
 Native      0.000405 3.34e-06 432 0.000399 0.000412
 Chrome      0.001330 1.09e-05 432 0.001308 0.001351
 Firefox     0.000806 6.63e-06 432 0.000793 0.000819
 Safari      0.000760 6.25e-06 432 0.000748 0.000772

Results are averaged over the levels of: Run, Iteration.Count, Model.Unique 
Degrees-of-freedom method: kenward-roger 
Confidence level used: 0.95 
Intervals are back-transformed from the log scale 

$contr
Buffer.Size = 128:
 contrast         ratio      SE  df null  t.ratio p.value
 Native / Chrome  0.520 0.00605 432    1  -56.173 <0.0001
 Native / Firefox 0.729 0.00848 432    1  -27.138 <0.0001
 Native / Safari  0.670 0.00779 432    1  -34.427 <0.0001
 Chrome / Firefox 1.402 0.01630 432    1   29.035 <0.0001
 Chrome / Safari  1.288 0.01500 432    1   21.746 <0.0001
 Firefox / Safari 0.919 0.01070 432    1   -7.289 <0.0001

Buffer.Size = 1024:
 contrast         ratio      SE  df null  t.ratio p.value
 Native / Chrome  0.411 0.00478 432    1  -76.516 <0.0001
 Native / Firefox 0.632 0.00736 432    1  -39.380 <0.0001
 Native / Safari  0.638 0.00742 432    1  -38.617 <0.0001
 Chrome / Firefox 1.540 0.01790 432    1   37.135 <0.0001
 Chrome / Safari  1.554 0.01810 432    1   37.899 <0.0001
 Firefox / Safari 1.009 0.01170 432    1    0.764  0.4454

Buffer.Size = 8192:
 contrast         ratio      SE  df null  t.ratio p.value
 Native / Chrome  0.305 0.00355 432    1 -102.094 <0.0001
 Native / Firefox 0.503 0.00585 432    1  -59.097 <0.0001
 Native / Safari  0.533 0.00621 432    1  -54.020 <0.0001
 Chrome / Firefox 1.649 0.01920 432    1   42.998 <0.0001
 Chrome / Safari  1.749 0.02030 432    1   48.074 <0.0001
 Firefox / Safari 1.061 0.01230 432    1    5.076 <0.0001

Results are averaged over the levels of: Run, Iteration.Count, Model.Unique 
Degrees-of-freedom method: kenward-roger 
P value adjustment: holm method for 6 tests 
Tests are performed on the log scale 


1.c By run × model

NOTE: Results may be misleading due to involvement in interactions
Run = bypass, Model.Unique = guitar-lstm:
 Environment response       SE  df lower.CL upper.CL
 Native      0.000500 4.75e-06 432 0.000491 0.000510
 Chrome      0.001076 1.02e-05 432 0.001056 0.001096
 Firefox     0.000797 7.57e-06 432 0.000783 0.000812
 Safari      0.000800 7.60e-06 432 0.000785 0.000815

Run = onnx, Model.Unique = guitar-lstm:
 Environment response       SE  df lower.CL upper.CL
 Native      0.003483 3.31e-05 432 0.003418 0.003548
 Chrome      0.011949 1.13e-04 432 0.011728 0.012175
 Firefox     0.006677 6.34e-05 432 0.006554 0.006803
 Safari      0.006216 5.90e-05 432 0.006101 0.006333

Run = bypass, Model.Unique = steerable-nafx:
 Environment response       SE  df lower.CL upper.CL
 Native      0.000126 1.20e-06 432 0.000124 0.000129
 Chrome      0.000176 1.67e-06 432 0.000173 0.000179
 Firefox     0.000157 1.49e-06 432 0.000154 0.000159
 Safari      0.000171 1.62e-06 432 0.000167 0.000174

Run = onnx, Model.Unique = steerable-nafx:
 Environment response       SE  df lower.CL upper.CL
 Native      0.011379 1.08e-04 432 0.011169 0.011594
 Chrome      0.042247 4.01e-04 432 0.041466 0.043043
 Firefox     0.021088 2.00e-04 432 0.020698 0.021485
 Safari      0.021188 2.01e-04 432 0.020796 0.021587

Results are averaged over the levels of: Buffer.Size, Iteration.Count 
Degrees-of-freedom method: kenward-roger 
Confidence level used: 0.95 
Intervals are back-transformed from the log scale 
Run = bypass, Model.Unique = guitar-lstm:
 contrast         ratio      SE  df null t.ratio p.value
 Native / Chrome  0.465 0.00625 432    1 -57.009 <0.0001
 Native / Firefox 0.627 0.00843 432    1 -34.723 <0.0001
 Native / Safari  0.625 0.00840 432    1 -34.971 <0.0001
 Chrome / Firefox 1.349 0.01810 432    1  22.286 <0.0001
 Chrome / Safari  1.345 0.01810 432    1  22.038 <0.0001
 Firefox / Safari 0.997 0.01340 432    1  -0.248  0.8044

Run = onnx, Model.Unique = guitar-lstm:
 contrast         ratio      SE  df null t.ratio p.value
 Native / Chrome  0.291 0.00391 432    1 -91.786 <0.0001
 Native / Firefox 0.522 0.00701 432    1 -48.462 <0.0001
 Native / Safari  0.560 0.00753 432    1 -43.135 <0.0001
 Chrome / Firefox 1.790 0.02400 432    1  43.324 <0.0001
 Chrome / Safari  1.922 0.02580 432    1  48.652 <0.0001
 Firefox / Safari 1.074 0.01440 432    1   5.328 <0.0001

Run = bypass, Model.Unique = steerable-nafx:
 contrast         ratio      SE  df null t.ratio p.value
 Native / Chrome  0.718 0.00965 432    1 -24.654 <0.0001
 Native / Firefox 0.807 0.01080 432    1 -15.937 <0.0001
 Native / Safari  0.741 0.00995 432    1 -22.336 <0.0001
 Chrome / Firefox 1.124 0.01510 432    1   8.717 <0.0001
 Chrome / Safari  1.032 0.01390 432    1   2.318  0.0209
 Firefox / Safari 0.918 0.01230 432    1  -6.399 <0.0001

Run = onnx, Model.Unique = steerable-nafx:
 contrast         ratio      SE  df null t.ratio p.value
 Native / Chrome  0.269 0.00362 432    1 -97.654 <0.0001
 Native / Firefox 0.540 0.00725 432    1 -45.925 <0.0001
 Native / Safari  0.537 0.00721 432    1 -46.278 <0.0001
 Chrome / Firefox 2.003 0.02690 432    1  51.730 <0.0001
 Chrome / Safari  1.994 0.02680 432    1  51.376 <0.0001
 Firefox / Safari 0.995 0.01340 432    1  -0.354  0.7238

Results are averaged over the levels of: Buffer.Size, Iteration.Count 
Degrees-of-freedom method: kenward-roger 
P value adjustment: holm method for 6 tests 
Tests are performed on the log scale 
emm_rq1_environment.csv written to ./results/50-10

2.a Overall

NOTE: Results may be misleading due to involvement in interactions
$emm
 Iteration.Count response       SE   df lower.CL upper.CL
 0                0.00255 1.29e-05 2154  0.00253  0.00258
 10               0.00191 9.66e-06 2154  0.00189  0.00193
 20               0.00191 9.64e-06 2154  0.00189  0.00193
 30               0.00190 9.59e-06 2154  0.00188  0.00192
 40               0.00190 9.58e-06 2154  0.00188  0.00191

Results are averaged over the levels of: Run, Buffer.Size, Environment, Model.Unique 
Degrees-of-freedom method: kenward-roger 
Confidence level used: 0.95 
Intervals are back-transformed from the log scale 

$contr
 contrast                 ratio      SE   df null t.ratio p.value
 Iteration.Count0 effect  1.264 0.00564 1728    1  52.488 <0.0001
 Iteration.Count10 effect 0.947 0.00423 1728    1 -12.103 <0.0001
 Iteration.Count20 effect 0.945 0.00422 1728    1 -12.649 <0.0001
 Iteration.Count30 effect 0.940 0.00420 1728    1 -13.761 <0.0001
 Iteration.Count40 effect 0.940 0.00419 1728    1 -13.975 <0.0001

Results are averaged over the levels of: Run, Buffer.Size, Environment, Model.Unique 
Degrees-of-freedom method: kenward-roger 
P value adjustment: holm method for 5 tests 
Tests are performed on the log scale 


2.b By environment

NOTE: Results may be misleading due to involvement in interactions
$emm
Environment = Native:
 Iteration.Count response       SE   df lower.CL upper.CL
 0                0.00131 1.32e-05 2154  0.00128  0.00133
 10               0.00125 1.26e-05 2154  0.00122  0.00127
 20               0.00125 1.26e-05 2154  0.00122  0.00127
 30               0.00125 1.26e-05 2154  0.00122  0.00127
 40               0.00125 1.26e-05 2154  0.00122  0.00127

Environment = Chrome:
 Iteration.Count response       SE   df lower.CL upper.CL
 0                0.00398 4.02e-05 2154  0.00390  0.00406
 10               0.00294 2.97e-05 2154  0.00288  0.00300
 20               0.00296 2.99e-05 2154  0.00290  0.00302
 30               0.00294 2.97e-05 2154  0.00288  0.00300
 40               0.00294 2.97e-05 2154  0.00288  0.00300

Environment = Firefox:
 Iteration.Count response       SE   df lower.CL upper.CL
 0                0.00258 2.61e-05 2154  0.00253  0.00264
 10               0.00193 1.96e-05 2154  0.00190  0.00197
 20               0.00194 1.96e-05 2154  0.00190  0.00198
 30               0.00193 1.95e-05 2154  0.00189  0.00197
 40               0.00192 1.94e-05 2154  0.00188  0.00196

Environment = Safari:
 Iteration.Count response       SE   df lower.CL upper.CL
 0                0.00315 3.19e-05 2154  0.00309  0.00321
 10               0.00189 1.91e-05 2154  0.00185  0.00192
 20               0.00185 1.87e-05 2154  0.00181  0.00188
 30               0.00183 1.85e-05 2154  0.00180  0.00187
 40               0.00184 1.86e-05 2154  0.00180  0.00187

Results are averaged over the levels of: Run, Buffer.Size, Model.Unique 
Degrees-of-freedom method: kenward-roger 
Confidence level used: 0.95 
Intervals are back-transformed from the log scale 

$contr
Environment = Native:
 contrast                 ratio      SE   df null t.ratio p.value
 Iteration.Count0 effect  1.038 0.00927 1728    1   4.226  0.0001
 Iteration.Count10 effect 0.990 0.00883 1728    1  -1.124  1.0000
 Iteration.Count20 effect 0.990 0.00883 1728    1  -1.108  1.0000
 Iteration.Count30 effect 0.992 0.00885 1728    1  -0.956  1.0000
 Iteration.Count40 effect 0.991 0.00884 1728    1  -1.038  1.0000

Environment = Chrome:
 contrast                 ratio      SE   df null t.ratio p.value
 Iteration.Count0 effect  1.272 0.01130 1728    1  26.945 <0.0001
 Iteration.Count10 effect 0.940 0.00839 1728    1  -6.949 <0.0001
 Iteration.Count20 effect 0.947 0.00845 1728    1  -6.084 <0.0001
 Iteration.Count30 effect 0.940 0.00838 1728    1  -6.963 <0.0001
 Iteration.Count40 effect 0.940 0.00839 1728    1  -6.949 <0.0001

Environment = Firefox:
 contrast                 ratio      SE   df null t.ratio p.value
 Iteration.Count0 effect  1.262 0.01130 1728    1  26.093 <0.0001
 Iteration.Count10 effect 0.945 0.00843 1728    1  -6.342 <0.0001
 Iteration.Count20 effect 0.948 0.00846 1728    1  -5.975 <0.0001
 Iteration.Count30 effect 0.943 0.00841 1728    1  -6.620 <0.0001
 Iteration.Count40 effect 0.938 0.00837 1728    1  -7.157 <0.0001

Environment = Safari:
 contrast                 ratio      SE   df null t.ratio p.value
 Iteration.Count0 effect  1.531 0.01370 1728    1  47.711 <0.0001
 Iteration.Count10 effect 0.916 0.00818 1728    1  -9.791 <0.0001
 Iteration.Count20 effect 0.897 0.00801 1728    1 -12.131 <0.0001
 Iteration.Count30 effect 0.891 0.00795 1728    1 -12.984 <0.0001
 Iteration.Count40 effect 0.892 0.00796 1728    1 -12.805 <0.0001

Results are averaged over the levels of: Run, Buffer.Size, Model.Unique 
Degrees-of-freedom method: kenward-roger 
P value adjustment: holm method for 5 tests 
Tests are performed on the log scale 


2.c By environment × run × model

NOTE: Results may be misleading due to involvement in interactions
Environment = Native, Run = bypass, Model.Unique = guitar-lstm:
 Iteration.Count response       SE   df lower.CL upper.CL
 0               0.000512 1.03e-05 2154 0.000492 0.000532
 10              0.000497 1.01e-05 2154 0.000478 0.000517
 20              0.000497 1.00e-05 2154 0.000477 0.000517
 30              0.000497 1.01e-05 2154 0.000478 0.000518
 40              0.000498 1.01e-05 2154 0.000478 0.000518

Environment = Chrome, Run = bypass, Model.Unique = guitar-lstm:
 Iteration.Count response       SE   df lower.CL upper.CL
 0               0.001358 2.75e-05 2154 0.001305 0.001413
 10              0.001008 2.04e-05 2154 0.000969 0.001049
 20              0.001012 2.05e-05 2154 0.000973 0.001053
 30              0.001022 2.07e-05 2154 0.000982 0.001063
 40              0.001016 2.05e-05 2154 0.000977 0.001057

Environment = Firefox, Run = bypass, Model.Unique = guitar-lstm:
 Iteration.Count response       SE   df lower.CL upper.CL
 0               0.001015 2.05e-05 2154 0.000976 0.001056
 10              0.000756 1.53e-05 2154 0.000727 0.000787
 20              0.000750 1.52e-05 2154 0.000721 0.000781
 30              0.000752 1.52e-05 2154 0.000722 0.000782
 40              0.000744 1.50e-05 2154 0.000715 0.000774

Environment = Safari, Run = bypass, Model.Unique = guitar-lstm:
 Iteration.Count response       SE   df lower.CL upper.CL
 0               0.001310 2.65e-05 2154 0.001259 0.001363
 10              0.000725 1.47e-05 2154 0.000697 0.000754
 20              0.000692 1.40e-05 2154 0.000665 0.000720
 30              0.000705 1.42e-05 2154 0.000677 0.000733
 40              0.000708 1.43e-05 2154 0.000680 0.000736

Environment = Native, Run = onnx, Model.Unique = guitar-lstm:
 Iteration.Count response       SE   df lower.CL upper.CL
 0               0.003523 7.12e-05 2154 0.003386 0.003666
 10              0.003464 7.00e-05 2154 0.003330 0.003605
 20              0.003467 7.01e-05 2154 0.003333 0.003608
 30              0.003483 7.04e-05 2154 0.003348 0.003624
 40              0.003475 7.02e-05 2154 0.003340 0.003615

Environment = Chrome, Run = onnx, Model.Unique = guitar-lstm:
 Iteration.Count response       SE   df lower.CL upper.CL
 0               0.012371 2.50e-04 2154 0.011890 0.012871
 10              0.011876 2.40e-04 2154 0.011414 0.012356
 20              0.011773 2.38e-04 2154 0.011315 0.012249
 30              0.011868 2.40e-04 2154 0.011406 0.012348
 40              0.011870 2.40e-04 2154 0.011408 0.012350

Environment = Firefox, Run = onnx, Model.Unique = guitar-lstm:
 Iteration.Count response       SE   df lower.CL upper.CL
 0               0.007265 1.47e-04 2154 0.006983 0.007559
 10              0.006537 1.32e-04 2154 0.006283 0.006801
 20              0.006546 1.32e-04 2154 0.006292 0.006811
 30              0.006535 1.32e-04 2154 0.006281 0.006799
 40              0.006535 1.32e-04 2154 0.006281 0.006799

Environment = Safari, Run = onnx, Model.Unique = guitar-lstm:
 Iteration.Count response       SE   df lower.CL upper.CL
 0               0.007626 1.54e-04 2154 0.007330 0.007935
 10              0.006015 1.22e-04 2154 0.005781 0.006258
 20              0.005857 1.18e-04 2154 0.005629 0.006094
 30              0.005913 1.20e-04 2154 0.005683 0.006152
 40              0.005843 1.18e-04 2154 0.005616 0.006080

Environment = Native, Run = bypass, Model.Unique = steerable-nafx:
 Iteration.Count response       SE   df lower.CL upper.CL
 0               0.000141 2.86e-06 2154 0.000136 0.000147
 10              0.000123 2.48e-06 2154 0.000118 0.000128
 20              0.000123 2.49e-06 2154 0.000118 0.000128
 30              0.000123 2.48e-06 2154 0.000118 0.000128
 40              0.000123 2.48e-06 2154 0.000118 0.000128

Environment = Chrome, Run = bypass, Model.Unique = steerable-nafx:
 Iteration.Count response       SE   df lower.CL upper.CL
 0               0.000345 6.98e-06 2154 0.000332 0.000359
 10              0.000148 2.99e-06 2154 0.000142 0.000154
 20              0.000153 3.10e-06 2154 0.000147 0.000159
 30              0.000146 2.96e-06 2154 0.000141 0.000152
 40              0.000147 2.97e-06 2154 0.000141 0.000153

Environment = Firefox, Run = bypass, Model.Unique = steerable-nafx:
 Iteration.Count response       SE   df lower.CL upper.CL
 0               0.000277 5.60e-06 2154 0.000266 0.000288
 10              0.000136 2.74e-06 2154 0.000130 0.000141
 20              0.000138 2.80e-06 2154 0.000133 0.000144
 30              0.000135 2.72e-06 2154 0.000129 0.000140
 40              0.000134 2.71e-06 2154 0.000129 0.000139

Environment = Safari, Run = bypass, Model.Unique = steerable-nafx:
 Iteration.Count response       SE   df lower.CL upper.CL
 0               0.000440 8.89e-06 2154 0.000423 0.000458
 10              0.000139 2.81e-06 2154 0.000134 0.000145
 20              0.000138 2.79e-06 2154 0.000132 0.000143
 30              0.000130 2.63e-06 2154 0.000125 0.000135
 40              0.000132 2.66e-06 2154 0.000127 0.000137

Environment = Native, Run = onnx, Model.Unique = steerable-nafx:
 Iteration.Count response       SE   df lower.CL upper.CL
 0               0.011419 2.31e-04 2154 0.010975 0.011881
 10              0.011376 2.30e-04 2154 0.010934 0.011836
 20              0.011368 2.30e-04 2154 0.010926 0.011828
 30              0.011367 2.30e-04 2154 0.010925 0.011827
 40              0.011368 2.30e-04 2154 0.010926 0.011827

Environment = Chrome, Run = onnx, Model.Unique = steerable-nafx:
 Iteration.Count response       SE   df lower.CL upper.CL
 0               0.043100 8.71e-04 2154 0.041424 0.044842
 10              0.042050 8.50e-04 2154 0.040416 0.043750
 20              0.042129 8.52e-04 2154 0.040491 0.043833
 30              0.041952 8.48e-04 2154 0.040321 0.043648
 40              0.042017 8.49e-04 2154 0.040384 0.043716

Environment = Firefox, Run = onnx, Model.Unique = steerable-nafx:
 Iteration.Count response       SE   df lower.CL upper.CL
 0               0.021816 4.41e-04 2154 0.020969 0.022699
 10              0.020892 4.22e-04 2154 0.020080 0.021737
 20              0.020886 4.22e-04 2154 0.020074 0.021731
 30              0.020967 4.24e-04 2154 0.020152 0.021815
 40              0.020892 4.22e-04 2154 0.020080 0.021737

Environment = Safari, Run = onnx, Model.Unique = steerable-nafx:
 Iteration.Count response       SE   df lower.CL upper.CL
 0               0.022450 4.54e-04 2154 0.021577 0.023358
 10              0.020898 4.22e-04 2154 0.020086 0.021743
 20              0.020874 4.22e-04 2154 0.020063 0.021719
 30              0.020872 4.22e-04 2154 0.020060 0.021716
 40              0.020891 4.22e-04 2154 0.020079 0.021736

Results are averaged over the levels of: Buffer.Size 
Degrees-of-freedom method: kenward-roger 
Confidence level used: 0.95 
Intervals are back-transformed from the log scale 
Environment = Native, Run = bypass, Model.Unique = guitar-lstm:
 contrast                 ratio     SE   df null t.ratio p.value
 Iteration.Count0 effect  1.023 0.0183 1728    1   1.290  0.9861
 Iteration.Count10 effect 0.994 0.0177 1728    1  -0.309  1.0000
 Iteration.Count20 effect 0.993 0.0177 1728    1  -0.403  1.0000
 Iteration.Count30 effect 0.995 0.0177 1728    1  -0.299  1.0000
 Iteration.Count40 effect 0.995 0.0178 1728    1  -0.278  1.0000

Environment = Chrome, Run = bypass, Model.Unique = guitar-lstm:
 contrast                 ratio     SE   df null t.ratio p.value
 Iteration.Count0 effect  1.262 0.0225 1728    1  13.062 <0.0001
 Iteration.Count10 effect 0.938 0.0167 1728    1  -3.616  0.0012
 Iteration.Count20 effect 0.941 0.0168 1728    1  -3.410  0.0020
 Iteration.Count30 effect 0.950 0.0170 1728    1  -2.861  0.0043
 Iteration.Count40 effect 0.945 0.0169 1728    1  -3.175  0.0030

Environment = Firefox, Run = bypass, Model.Unique = guitar-lstm:
 contrast                 ratio     SE   df null t.ratio p.value
 Iteration.Count0 effect  1.273 0.0227 1728    1  13.543 <0.0001
 Iteration.Count10 effect 0.948 0.0169 1728    1  -2.982  0.0029
 Iteration.Count20 effect 0.941 0.0168 1728    1  -3.400  0.0021
 Iteration.Count30 effect 0.943 0.0168 1728    1  -3.306  0.0021
 Iteration.Count40 effect 0.934 0.0167 1728    1  -3.855  0.0005

Environment = Safari, Run = bypass, Model.Unique = guitar-lstm:
 contrast                 ratio     SE   df null t.ratio p.value
 Iteration.Count0 effect  1.637 0.0292 1728    1  27.635 <0.0001
 Iteration.Count10 effect 0.906 0.0162 1728    1  -5.522 <0.0001
 Iteration.Count20 effect 0.865 0.0154 1728    1  -8.128 <0.0001
 Iteration.Count30 effect 0.881 0.0157 1728    1  -7.103 <0.0001
 Iteration.Count40 effect 0.884 0.0158 1728    1  -6.882 <0.0001

Environment = Native, Run = onnx, Model.Unique = guitar-lstm:
 contrast                 ratio     SE   df null t.ratio p.value
 Iteration.Count0 effect  1.012 0.0181 1728    1   0.652  1.0000
 Iteration.Count10 effect 0.995 0.0178 1728    1  -0.293  1.0000
 Iteration.Count20 effect 0.996 0.0178 1728    1  -0.245  1.0000
 Iteration.Count30 effect 1.000 0.0178 1728    1   0.014  1.0000
 Iteration.Count40 effect 0.998 0.0178 1728    1  -0.128  1.0000

Environment = Chrome, Run = onnx, Model.Unique = guitar-lstm:
 contrast                 ratio     SE   df null t.ratio p.value
 Iteration.Count0 effect  1.035 0.0185 1728    1   1.942  0.2612
 Iteration.Count10 effect 0.994 0.0177 1728    1  -0.347  1.0000
 Iteration.Count20 effect 0.985 0.0176 1728    1  -0.834  1.0000
 Iteration.Count30 effect 0.993 0.0177 1728    1  -0.385  1.0000
 Iteration.Count40 effect 0.993 0.0177 1728    1  -0.376  1.0000

Environment = Firefox, Run = onnx, Model.Unique = guitar-lstm:
 contrast                 ratio     SE   df null t.ratio p.value
 Iteration.Count0 effect  1.088 0.0194 1728    1   4.725 <0.0001
 Iteration.Count10 effect 0.979 0.0175 1728    1  -1.192  0.9061
 Iteration.Count20 effect 0.980 0.0175 1728    1  -1.115  0.9061
 Iteration.Count30 effect 0.979 0.0175 1728    1  -1.209  0.9061
 Iteration.Count40 effect 0.979 0.0175 1728    1  -1.210  0.9061

Environment = Safari, Run = onnx, Model.Unique = guitar-lstm:
 contrast                 ratio     SE   df null t.ratio p.value
 Iteration.Count0 effect  1.227 0.0219 1728    1  11.455 <0.0001
 Iteration.Count10 effect 0.968 0.0173 1728    1  -1.849  0.0647
 Iteration.Count20 effect 0.942 0.0168 1728    1  -3.336  0.0026
 Iteration.Count30 effect 0.951 0.0170 1728    1  -2.803  0.0102
 Iteration.Count40 effect 0.940 0.0168 1728    1  -3.468  0.0022

Environment = Native, Run = bypass, Model.Unique = steerable-nafx:
 contrast                 ratio     SE   df null t.ratio p.value
 Iteration.Count0 effect  1.119 0.0200 1728    1   6.316 <0.0001
 Iteration.Count10 effect 0.971 0.0173 1728    1  -1.628  0.4147
 Iteration.Count20 effect 0.973 0.0174 1728    1  -1.511  0.4147
 Iteration.Count30 effect 0.972 0.0174 1728    1  -1.565  0.4147
 Iteration.Count40 effect 0.972 0.0173 1728    1  -1.612  0.4147

Environment = Chrome, Run = bypass, Model.Unique = steerable-nafx:
 contrast                 ratio     SE   df null t.ratio p.value
 Iteration.Count0 effect  1.962 0.0350 1728    1  37.766 <0.0001
 Iteration.Count10 effect 0.841 0.0150 1728    1  -9.672 <0.0001
 Iteration.Count20 effect 0.871 0.0155 1728    1  -7.767 <0.0001
 Iteration.Count30 effect 0.832 0.0149 1728    1 -10.286 <0.0001
 Iteration.Count40 effect 0.836 0.0149 1728    1 -10.041 <0.0001

Environment = Firefox, Run = bypass, Model.Unique = steerable-nafx:
 contrast                 ratio     SE   df null t.ratio p.value
 Iteration.Count0 effect  1.771 0.0316 1728    1  32.015 <0.0001
 Iteration.Count10 effect 0.867 0.0155 1728    1  -7.988 <0.0001
 Iteration.Count20 effect 0.884 0.0158 1728    1  -6.896 <0.0001
 Iteration.Count30 effect 0.861 0.0154 1728    1  -8.403 <0.0001
 Iteration.Count40 effect 0.856 0.0153 1728    1  -8.728 <0.0001

Environment = Safari, Run = bypass, Model.Unique = steerable-nafx:
 contrast                 ratio     SE   df null t.ratio p.value
 Iteration.Count0 effect  2.579 0.0460 1728    1  53.090 <0.0001
 Iteration.Count10 effect 0.815 0.0145 1728    1 -11.440 <0.0001
 Iteration.Count20 effect 0.808 0.0144 1728    1 -11.962 <0.0001
 Iteration.Count30 effect 0.762 0.0136 1728    1 -15.219 <0.0001
 Iteration.Count40 effect 0.772 0.0138 1728    1 -14.469 <0.0001

Environment = Native, Run = onnx, Model.Unique = steerable-nafx:
 contrast                 ratio     SE   df null t.ratio p.value
 Iteration.Count0 effect  1.003 0.0179 1728    1   0.194  1.0000
 Iteration.Count10 effect 1.000 0.0178 1728    1  -0.018  1.0000
 Iteration.Count20 effect 0.999 0.0178 1728    1  -0.056  1.0000
 Iteration.Count30 effect 0.999 0.0178 1728    1  -0.062  1.0000
 Iteration.Count40 effect 0.999 0.0178 1728    1  -0.058  1.0000

Environment = Chrome, Run = onnx, Model.Unique = steerable-nafx:
 contrast                 ratio     SE   df null t.ratio p.value
 Iteration.Count0 effect  1.020 0.0182 1728    1   1.119  1.0000
 Iteration.Count10 effect 0.995 0.0178 1728    1  -0.262  1.0000
 Iteration.Count20 effect 0.997 0.0178 1728    1  -0.157  1.0000
 Iteration.Count30 effect 0.993 0.0177 1728    1  -0.393  1.0000
 Iteration.Count40 effect 0.995 0.0177 1728    1  -0.306  1.0000

Environment = Firefox, Run = onnx, Model.Unique = steerable-nafx:
 contrast                 ratio     SE   df null t.ratio p.value
 Iteration.Count0 effect  1.035 0.0185 1728    1   1.904  0.2853
 Iteration.Count10 effect 0.991 0.0177 1728    1  -0.521  1.0000
 Iteration.Count20 effect 0.990 0.0177 1728    1  -0.539  1.0000
 Iteration.Count30 effect 0.994 0.0177 1728    1  -0.322  1.0000
 Iteration.Count40 effect 0.991 0.0177 1728    1  -0.522  1.0000

Environment = Safari, Run = onnx, Model.Unique = steerable-nafx:
 contrast                 ratio     SE   df null t.ratio p.value
 Iteration.Count0 effect  1.060 0.0189 1728    1   3.242  0.0060
 Iteration.Count10 effect 0.986 0.0176 1728    1  -0.772  1.0000
 Iteration.Count20 effect 0.985 0.0176 1728    1  -0.836  1.0000
 Iteration.Count30 effect 0.985 0.0176 1728    1  -0.843  1.0000
 Iteration.Count40 effect 0.986 0.0176 1728    1  -0.792  1.0000

Results are averaged over the levels of: Buffer.Size 
Degrees-of-freedom method: kenward-roger 
P value adjustment: holm method for 5 tests 
Tests are performed on the log scale 
emm_rq2_iterations.csv written to ./results/50-10

#####################################################################
# Clean up the environment
#####################################################################

Remaining attached packages:
Remaining objects in the environment:
Removing all objects from the environment...
Remaining objects in the environment:
Warning messages:
1: In q("no", save = "no") : NAs introduced by coercion
2: In q("no", save = "no") : invalid 'status', 0 assumed
