here() starts at /home
── Attaching core tidyverse packages ──────────────────────── tidyverse 2.0.0 ──
✔ dplyr     1.2.1     ✔ readr     2.2.0
✔ forcats   1.0.1     ✔ stringr   1.6.0
✔ ggplot2   4.0.3     ✔ tibble    3.3.1
✔ lubridate 1.9.5     ✔ tidyr     1.3.2
✔ purrr     1.2.2     
── Conflicts ────────────────────────────────────────── tidyverse_conflicts() ──
✖ dplyr::filter() masks stats::filter()
✖ dplyr::lag()    masks stats::lag()
ℹ Use the conflicted package (<http://conflicted.r-lib.org/>) to force all conflicts to become errors
Loading required package: Matrix

Attaching package: ‘Matrix’

The following objects are masked from ‘package:tidyr’:

    expand, pack, unpack


Attaching package: ‘lmerTest’

The following object is masked from ‘package:lme4’:

    lmer

The following object is masked from ‘package:stats’:

    step

Welcome to emmeans.
Caution: You lose important information if you filter this package's results.
See '? untidy'

Backend cost (hold PP constant, per browser × model)

NOTE: Results may be misleading due to involvement in interactions
PP = wasm, Environment = Chrome, Model.Unique = guitar-lstm:
 Backend     response       SE   df lower.CL upper.CL
 wasm-bypass 0.001076 1.35e-05 1296 0.001049 0.001102
 js-bypass   0.001090 1.37e-05 1296 0.001064 0.001118
 js-onnx     0.012215 1.54e-04 1296 0.011917 0.012520
 wasm-onnx   0.011949 1.51e-04 1296 0.011658 0.012248

PP = js, Environment = Chrome, Model.Unique = guitar-lstm:
 Backend     response       SE   df lower.CL upper.CL
 wasm-bypass 0.001094 1.38e-05 1296 0.001068 0.001122
 js-bypass   0.001110 1.40e-05 1296 0.001083 0.001138
 js-onnx     0.012326 1.55e-04 1296 0.012025 0.012635
 wasm-onnx   0.011960 1.51e-04 1296 0.011668 0.012259

PP = wasm, Environment = Firefox, Model.Unique = guitar-lstm:
 Backend     response       SE   df lower.CL upper.CL
 wasm-bypass 0.000797 1.00e-05 1296 0.000778 0.000817
 js-bypass   0.000811 1.02e-05 1296 0.000791 0.000831
 js-onnx     0.006090 7.67e-05 1296 0.005941 0.006242
 wasm-onnx   0.006677 8.41e-05 1296 0.006514 0.006845

PP = js, Environment = Firefox, Model.Unique = guitar-lstm:
 Backend     response       SE   df lower.CL upper.CL
 wasm-bypass 0.000847 1.07e-05 1296 0.000826 0.000868
 js-bypass   0.000860 1.08e-05 1296 0.000839 0.000881
 js-onnx     0.006174 7.78e-05 1296 0.006024 0.006329
 wasm-onnx   0.006679 8.41e-05 1296 0.006516 0.006846

PP = wasm, Environment = Safari, Model.Unique = guitar-lstm:
 Backend     response       SE   df lower.CL upper.CL
 wasm-bypass 0.000800 1.01e-05 1296 0.000780 0.000820
 js-bypass   0.000812 1.02e-05 1296 0.000793 0.000833
 js-onnx     0.007238 9.12e-05 1296 0.007061 0.007419
 wasm-onnx   0.006216 7.83e-05 1296 0.006065 0.006372

PP = js, Environment = Safari, Model.Unique = guitar-lstm:
 Backend     response       SE   df lower.CL upper.CL
 wasm-bypass 0.001137 1.43e-05 1296 0.001109 0.001165
 js-bypass   0.001179 1.48e-05 1296 0.001150 0.001208
 js-onnx     0.007181 9.05e-05 1296 0.007006 0.007361
 wasm-onnx   0.006682 8.42e-05 1296 0.006518 0.006849

PP = wasm, Environment = Chrome, Model.Unique = steerable-nafx:
 Backend     response       SE   df lower.CL upper.CL
 wasm-bypass 0.000176 2.22e-06 1296 0.000172 0.000180
 js-bypass   0.000183 2.31e-06 1296 0.000179 0.000188
 js-onnx     0.042315 5.33e-04 1296 0.041282 0.043374
 wasm-onnx   0.042247 5.32e-04 1296 0.041216 0.043304

PP = js, Environment = Chrome, Model.Unique = steerable-nafx:
 Backend     response       SE   df lower.CL upper.CL
 wasm-bypass 0.000181 2.28e-06 1296 0.000176 0.000185
 js-bypass   0.000189 2.38e-06 1296 0.000185 0.000194
 js-onnx     0.042420 5.34e-04 1296 0.041384 0.043481
 wasm-onnx   0.042398 5.34e-04 1296 0.041363 0.043458

PP = wasm, Environment = Firefox, Model.Unique = steerable-nafx:
 Backend     response       SE   df lower.CL upper.CL
 wasm-bypass 0.000157 1.97e-06 1296 0.000153 0.000160
 js-bypass   0.000165 2.08e-06 1296 0.000161 0.000170
 js-onnx     0.020551 2.59e-04 1296 0.020050 0.021065
 wasm-onnx   0.021088 2.66e-04 1296 0.020573 0.021615

PP = js, Environment = Firefox, Model.Unique = steerable-nafx:
 Backend     response       SE   df lower.CL upper.CL
 wasm-bypass 0.000147 1.86e-06 1296 0.000144 0.000151
 js-bypass   0.000163 2.05e-06 1296 0.000159 0.000167
 js-onnx     0.020565 2.59e-04 1296 0.020063 0.021079
 wasm-onnx   0.021120 2.66e-04 1296 0.020605 0.021649

PP = wasm, Environment = Safari, Model.Unique = steerable-nafx:
 Backend     response       SE   df lower.CL upper.CL
 wasm-bypass 0.000171 2.15e-06 1296 0.000166 0.000175
 js-bypass   0.000218 2.75e-06 1296 0.000213 0.000224
 js-onnx     0.020829 2.62e-04 1296 0.020320 0.021350
 wasm-onnx   0.021188 2.67e-04 1296 0.020671 0.021718

PP = js, Environment = Safari, Model.Unique = steerable-nafx:
 Backend     response       SE   df lower.CL upper.CL
 wasm-bypass 0.000175 2.21e-06 1296 0.000171 0.000180
 js-bypass   0.000233 2.94e-06 1296 0.000227 0.000239
 js-onnx     0.020772 2.62e-04 1296 0.020265 0.021292
 wasm-onnx   0.021133 2.66e-04 1296 0.020617 0.021662

Results are averaged over the levels of: Buffer.Size, Iteration.Count 
Degrees-of-freedom method: kenward-roger 
Confidence level used: 0.95 
Intervals are back-transformed from the log scale 
PP = wasm, Environment = Chrome, Model.Unique = guitar-lstm:
 contrast                      ratio       SE   df null  t.ratio p.value
 (wasm-bypass) / (js-bypass) 0.98634 1.76e-02 1296    1   -0.772  0.4403
 (wasm-bypass) / (js-onnx)   0.08806 1.57e-03 1296    1 -136.399 <0.0001
 (wasm-bypass) / (wasm-onnx) 0.09001 1.60e-03 1296    1 -135.166 <0.0001
 (js-bypass) / (js-onnx)     0.08928 1.59e-03 1296    1 -135.627 <0.0001
 (js-bypass) / (wasm-onnx)   0.09126 1.63e-03 1296    1 -134.394 <0.0001
 (js-onnx) / (wasm-onnx)     1.02220 1.82e-02 1296    1    1.233  0.4358

PP = js, Environment = Chrome, Model.Unique = guitar-lstm:
 contrast                      ratio       SE   df null  t.ratio p.value
 (wasm-bypass) / (js-bypass) 0.98587 1.76e-02 1296    1   -0.799  0.4246
 (wasm-bypass) / (js-onnx)   0.08878 1.58e-03 1296    1 -135.938 <0.0001
 (wasm-bypass) / (wasm-onnx) 0.09150 1.63e-03 1296    1 -134.246 <0.0001
 (js-bypass) / (js-onnx)     0.09005 1.60e-03 1296    1 -135.139 <0.0001
 (js-bypass) / (wasm-onnx)   0.09281 1.65e-03 1296    1 -133.447 <0.0001
 (js-onnx) / (wasm-onnx)     1.03060 1.84e-02 1296    1    1.692  0.1818

PP = wasm, Environment = Firefox, Model.Unique = guitar-lstm:
 contrast                      ratio       SE   df null  t.ratio p.value
 (wasm-bypass) / (js-bypass) 0.98371 1.75e-02 1296    1   -0.922  0.3568
 (wasm-bypass) / (js-onnx)   0.13093 2.33e-03 1296    1 -114.130 <0.0001
 (wasm-bypass) / (wasm-onnx) 0.11941 2.13e-03 1296    1 -119.302 <0.0001
 (js-bypass) / (js-onnx)     0.13310 2.37e-03 1296    1 -113.208 <0.0001
 (js-bypass) / (wasm-onnx)   0.12138 2.16e-03 1296    1 -118.380 <0.0001
 (js-onnx) / (wasm-onnx)     0.91197 1.62e-02 1296    1   -5.173 <0.0001

PP = js, Environment = Firefox, Model.Unique = guitar-lstm:
 contrast                      ratio       SE   df null  t.ratio p.value
 (wasm-bypass) / (js-bypass) 0.98459 1.75e-02 1296    1   -0.872  0.3836
 (wasm-bypass) / (js-onnx)   0.13713 2.44e-03 1296    1 -111.532 <0.0001
 (wasm-bypass) / (wasm-onnx) 0.12677 2.26e-03 1296    1 -115.941 <0.0001
 (js-bypass) / (js-onnx)     0.13928 2.48e-03 1296    1 -110.660 <0.0001
 (js-bypass) / (wasm-onnx)   0.12876 2.29e-03 1296    1 -115.070 <0.0001
 (js-onnx) / (wasm-onnx)     0.92446 1.65e-02 1296    1   -4.410 <0.0001

PP = wasm, Environment = Safari, Model.Unique = guitar-lstm:
 contrast                      ratio       SE   df null  t.ratio p.value
 (wasm-bypass) / (js-bypass) 0.98482 1.75e-02 1296    1   -0.859  0.3907
 (wasm-bypass) / (js-onnx)   0.11053 1.97e-03 1296    1 -123.637 <0.0001
 (wasm-bypass) / (wasm-onnx) 0.12869 2.29e-03 1296    1 -115.098 <0.0001
 (js-bypass) / (js-onnx)     0.11224 2.00e-03 1296    1 -122.778 <0.0001
 (js-bypass) / (wasm-onnx)   0.13068 2.33e-03 1296    1 -114.239 <0.0001
 (js-onnx) / (wasm-onnx)     1.16428 2.07e-02 1296    1    8.539 <0.0001

PP = js, Environment = Safari, Model.Unique = guitar-lstm:
 contrast                      ratio       SE   df null  t.ratio p.value
 (wasm-bypass) / (js-bypass) 0.96463 1.72e-02 1296    1   -2.022  0.0434
 (wasm-bypass) / (js-onnx)   0.15834 2.82e-03 1296    1 -103.460 <0.0001
 (wasm-bypass) / (wasm-onnx) 0.17017 3.03e-03 1296    1  -99.413 <0.0001
 (js-bypass) / (js-onnx)     0.16415 2.92e-03 1296    1 -101.439 <0.0001
 (js-bypass) / (wasm-onnx)   0.17642 3.14e-03 1296    1  -97.392 <0.0001
 (js-onnx) / (wasm-onnx)     1.07475 1.91e-02 1296    1    4.047  0.0001

PP = wasm, Environment = Chrome, Model.Unique = steerable-nafx:
 contrast                      ratio       SE   df null  t.ratio p.value
 (wasm-bypass) / (js-bypass) 0.96047 1.71e-02 1296    1   -2.264  0.0475
 (wasm-bypass) / (js-onnx)   0.00416 7.41e-05 1296    1 -307.773 <0.0001
 (wasm-bypass) / (wasm-onnx) 0.00417 7.42e-05 1296    1 -307.683 <0.0001
 (js-bypass) / (js-onnx)     0.00433 7.71e-05 1296    1 -305.509 <0.0001
 (js-bypass) / (wasm-onnx)   0.00434 7.73e-05 1296    1 -305.419 <0.0001
 (js-onnx) / (wasm-onnx)     1.00161 1.78e-02 1296    1    0.090  0.9281

PP = js, Environment = Chrome, Model.Unique = steerable-nafx:
 contrast                      ratio       SE   df null  t.ratio p.value
 (wasm-bypass) / (js-bypass) 0.95443 1.70e-02 1296    1   -2.619  0.0179
 (wasm-bypass) / (js-onnx)   0.00426 7.59e-05 1296    1 -306.418 <0.0001
 (wasm-bypass) / (wasm-onnx) 0.00426 7.59e-05 1296    1 -306.389 <0.0001
 (js-bypass) / (js-onnx)     0.00446 7.95e-05 1296    1 -303.800 <0.0001
 (js-bypass) / (wasm-onnx)   0.00447 7.96e-05 1296    1 -303.770 <0.0001
 (js-onnx) / (wasm-onnx)     1.00052 1.78e-02 1296    1    0.029  0.9766

PP = wasm, Environment = Firefox, Model.Unique = steerable-nafx:
 contrast                      ratio       SE   df null  t.ratio p.value
 (wasm-bypass) / (js-bypass) 0.94636 1.69e-02 1296    1   -3.095  0.0040
 (wasm-bypass) / (js-onnx)   0.00762 1.36e-04 1296    1 -273.803 <0.0001
 (wasm-bypass) / (wasm-onnx) 0.00742 1.32e-04 1296    1 -275.249 <0.0001
 (js-bypass) / (js-onnx)     0.00805 1.43e-04 1296    1 -270.708 <0.0001
 (js-bypass) / (wasm-onnx)   0.00784 1.40e-04 1296    1 -272.155 <0.0001
 (js-onnx) / (wasm-onnx)     0.97456 1.74e-02 1296    1   -1.446  0.1483

PP = js, Environment = Firefox, Model.Unique = steerable-nafx:
 contrast                      ratio       SE   df null  t.ratio p.value
 (wasm-bypass) / (js-bypass) 0.90497 1.61e-02 1296    1   -5.605 <0.0001
 (wasm-bypass) / (js-onnx)   0.00717 1.28e-04 1296    1 -277.188 <0.0001
 (wasm-bypass) / (wasm-onnx) 0.00698 1.24e-04 1296    1 -278.685 <0.0001
 (js-bypass) / (js-onnx)     0.00792 1.41e-04 1296    1 -271.583 <0.0001
 (js-bypass) / (wasm-onnx)   0.00772 1.37e-04 1296    1 -273.080 <0.0001
 (js-onnx) / (wasm-onnx)     0.97370 1.73e-02 1296    1   -1.496  0.1348

PP = wasm, Environment = Safari, Model.Unique = steerable-nafx:
 contrast                      ratio       SE   df null  t.ratio p.value
 (wasm-bypass) / (js-bypass) 0.78105 1.39e-02 1296    1  -13.872 <0.0001
 (wasm-bypass) / (js-onnx)   0.00819 1.46e-04 1296    1 -269.730 <0.0001
 (wasm-bypass) / (wasm-onnx) 0.00805 1.43e-04 1296    1 -270.691 <0.0001
 (js-bypass) / (js-onnx)     0.01049 1.87e-04 1296    1 -255.858 <0.0001
 (js-bypass) / (wasm-onnx)   0.01031 1.84e-04 1296    1 -256.818 <0.0001
 (js-onnx) / (wasm-onnx)     0.98303 1.75e-02 1296    1   -0.961  0.3369

PP = js, Environment = Safari, Model.Unique = steerable-nafx:
 contrast                      ratio       SE   df null  t.ratio p.value
 (wasm-bypass) / (js-bypass) 0.75217 1.34e-02 1296    1  -15.987 <0.0001
 (wasm-bypass) / (js-onnx)   0.00844 1.50e-04 1296    1 -268.051 <0.0001
 (wasm-bypass) / (wasm-onnx) 0.00829 1.48e-04 1296    1 -269.019 <0.0001
 (js-bypass) / (js-onnx)     0.01122 2.00e-04 1296    1 -252.063 <0.0001
 (js-bypass) / (wasm-onnx)   0.01103 1.96e-04 1296    1 -253.031 <0.0001
 (js-onnx) / (wasm-onnx)     0.98291 1.75e-02 1296    1   -0.968  0.3333

Results are averaged over the levels of: Buffer.Size, Iteration.Count 
Degrees-of-freedom method: kenward-roger 
P value adjustment: holm method for 6 tests 
Tests are performed on the log scale 
emm_rq3_backend.csv written to ./results/50-10

PP cost (hold backend constant, per browser × model)

NOTE: Results may be misleading due to involvement in interactions
Backend = wasm-bypass, Environment = Chrome, Model.Unique = guitar-lstm:
 PP   response       SE   df lower.CL upper.CL
 wasm 0.001076 1.35e-05 1296 0.001049 0.001102
 js   0.001094 1.38e-05 1296 0.001068 0.001122

Backend = js-bypass, Environment = Chrome, Model.Unique = guitar-lstm:
 PP   response       SE   df lower.CL upper.CL
 wasm 0.001090 1.37e-05 1296 0.001064 0.001118
 js   0.001110 1.40e-05 1296 0.001083 0.001138

Backend = js-onnx, Environment = Chrome, Model.Unique = guitar-lstm:
 PP   response       SE   df lower.CL upper.CL
 wasm 0.012215 1.54e-04 1296 0.011917 0.012520
 js   0.012326 1.55e-04 1296 0.012025 0.012635

Backend = wasm-onnx, Environment = Chrome, Model.Unique = guitar-lstm:
 PP   response       SE   df lower.CL upper.CL
 wasm 0.011949 1.51e-04 1296 0.011658 0.012248
 js   0.011960 1.51e-04 1296 0.011668 0.012259

Backend = wasm-bypass, Environment = Firefox, Model.Unique = guitar-lstm:
 PP   response       SE   df lower.CL upper.CL
 wasm 0.000797 1.00e-05 1296 0.000778 0.000817
 js   0.000847 1.07e-05 1296 0.000826 0.000868

Backend = js-bypass, Environment = Firefox, Model.Unique = guitar-lstm:
 PP   response       SE   df lower.CL upper.CL
 wasm 0.000811 1.02e-05 1296 0.000791 0.000831
 js   0.000860 1.08e-05 1296 0.000839 0.000881

Backend = js-onnx, Environment = Firefox, Model.Unique = guitar-lstm:
 PP   response       SE   df lower.CL upper.CL
 wasm 0.006090 7.67e-05 1296 0.005941 0.006242
 js   0.006174 7.78e-05 1296 0.006024 0.006329

Backend = wasm-onnx, Environment = Firefox, Model.Unique = guitar-lstm:
 PP   response       SE   df lower.CL upper.CL
 wasm 0.006677 8.41e-05 1296 0.006514 0.006845
 js   0.006679 8.41e-05 1296 0.006516 0.006846

Backend = wasm-bypass, Environment = Safari, Model.Unique = guitar-lstm:
 PP   response       SE   df lower.CL upper.CL
 wasm 0.000800 1.01e-05 1296 0.000780 0.000820
 js   0.001137 1.43e-05 1296 0.001109 0.001165

Backend = js-bypass, Environment = Safari, Model.Unique = guitar-lstm:
 PP   response       SE   df lower.CL upper.CL
 wasm 0.000812 1.02e-05 1296 0.000793 0.000833
 js   0.001179 1.48e-05 1296 0.001150 0.001208

Backend = js-onnx, Environment = Safari, Model.Unique = guitar-lstm:
 PP   response       SE   df lower.CL upper.CL
 wasm 0.007238 9.12e-05 1296 0.007061 0.007419
 js   0.007181 9.05e-05 1296 0.007006 0.007361

Backend = wasm-onnx, Environment = Safari, Model.Unique = guitar-lstm:
 PP   response       SE   df lower.CL upper.CL
 wasm 0.006216 7.83e-05 1296 0.006065 0.006372
 js   0.006682 8.42e-05 1296 0.006518 0.006849

Backend = wasm-bypass, Environment = Chrome, Model.Unique = steerable-nafx:
 PP   response       SE   df lower.CL upper.CL
 wasm 0.000176 2.22e-06 1296 0.000172 0.000180
 js   0.000181 2.28e-06 1296 0.000176 0.000185

Backend = js-bypass, Environment = Chrome, Model.Unique = steerable-nafx:
 PP   response       SE   df lower.CL upper.CL
 wasm 0.000183 2.31e-06 1296 0.000179 0.000188
 js   0.000189 2.38e-06 1296 0.000185 0.000194

Backend = js-onnx, Environment = Chrome, Model.Unique = steerable-nafx:
 PP   response       SE   df lower.CL upper.CL
 wasm 0.042315 5.33e-04 1296 0.041282 0.043374
 js   0.042420 5.34e-04 1296 0.041384 0.043481

Backend = wasm-onnx, Environment = Chrome, Model.Unique = steerable-nafx:
 PP   response       SE   df lower.CL upper.CL
 wasm 0.042247 5.32e-04 1296 0.041216 0.043304
 js   0.042398 5.34e-04 1296 0.041363 0.043458

Backend = wasm-bypass, Environment = Firefox, Model.Unique = steerable-nafx:
 PP   response       SE   df lower.CL upper.CL
 wasm 0.000157 1.97e-06 1296 0.000153 0.000160
 js   0.000147 1.86e-06 1296 0.000144 0.000151

Backend = js-bypass, Environment = Firefox, Model.Unique = steerable-nafx:
 PP   response       SE   df lower.CL upper.CL
 wasm 0.000165 2.08e-06 1296 0.000161 0.000170
 js   0.000163 2.05e-06 1296 0.000159 0.000167

Backend = js-onnx, Environment = Firefox, Model.Unique = steerable-nafx:
 PP   response       SE   df lower.CL upper.CL
 wasm 0.020551 2.59e-04 1296 0.020050 0.021065
 js   0.020565 2.59e-04 1296 0.020063 0.021079

Backend = wasm-onnx, Environment = Firefox, Model.Unique = steerable-nafx:
 PP   response       SE   df lower.CL upper.CL
 wasm 0.021088 2.66e-04 1296 0.020573 0.021615
 js   0.021120 2.66e-04 1296 0.020605 0.021649

Backend = wasm-bypass, Environment = Safari, Model.Unique = steerable-nafx:
 PP   response       SE   df lower.CL upper.CL
 wasm 0.000171 2.15e-06 1296 0.000166 0.000175
 js   0.000175 2.21e-06 1296 0.000171 0.000180

Backend = js-bypass, Environment = Safari, Model.Unique = steerable-nafx:
 PP   response       SE   df lower.CL upper.CL
 wasm 0.000218 2.75e-06 1296 0.000213 0.000224
 js   0.000233 2.94e-06 1296 0.000227 0.000239

Backend = js-onnx, Environment = Safari, Model.Unique = steerable-nafx:
 PP   response       SE   df lower.CL upper.CL
 wasm 0.020829 2.62e-04 1296 0.020320 0.021350
 js   0.020772 2.62e-04 1296 0.020265 0.021292

Backend = wasm-onnx, Environment = Safari, Model.Unique = steerable-nafx:
 PP   response       SE   df lower.CL upper.CL
 wasm 0.021188 2.67e-04 1296 0.020671 0.021718
 js   0.021133 2.66e-04 1296 0.020617 0.021662

Results are averaged over the levels of: Buffer.Size, Iteration.Count 
Degrees-of-freedom method: kenward-roger 
Confidence level used: 0.95 
Intervals are back-transformed from the log scale 
Backend = wasm-bypass, Environment = Chrome, Model.Unique = guitar-lstm:
 contrast  ratio     SE   df null t.ratio p.value
 wasm / js 0.983 0.0175 1296    1  -0.971  0.3318

Backend = js-bypass, Environment = Chrome, Model.Unique = guitar-lstm:
 contrast  ratio     SE   df null t.ratio p.value
 wasm / js 0.982 0.0175 1296    1  -0.998  0.3187

Backend = js-onnx, Environment = Chrome, Model.Unique = guitar-lstm:
 contrast  ratio     SE   df null t.ratio p.value
 wasm / js 0.991 0.0177 1296    1  -0.510  0.6101

Backend = wasm-onnx, Environment = Chrome, Model.Unique = guitar-lstm:
 contrast  ratio     SE   df null t.ratio p.value
 wasm / js 0.999 0.0178 1296    1  -0.051  0.9594

Backend = wasm-bypass, Environment = Firefox, Model.Unique = guitar-lstm:
 contrast  ratio     SE   df null t.ratio p.value
 wasm / js 0.942 0.0168 1296    1  -3.373  0.0008

Backend = js-bypass, Environment = Firefox, Model.Unique = guitar-lstm:
 contrast  ratio     SE   df null t.ratio p.value
 wasm / js 0.943 0.0168 1296    1  -3.323  0.0009

Backend = js-onnx, Environment = Firefox, Model.Unique = guitar-lstm:
 contrast  ratio     SE   df null t.ratio p.value
 wasm / js 0.986 0.0176 1296    1  -0.775  0.4383

Backend = wasm-onnx, Environment = Firefox, Model.Unique = guitar-lstm:
 contrast  ratio     SE   df null t.ratio p.value
 wasm / js 1.000 0.0178 1296    1  -0.012  0.9903

Backend = wasm-bypass, Environment = Safari, Model.Unique = guitar-lstm:
 contrast  ratio     SE   df null t.ratio p.value
 wasm / js 0.704 0.0125 1296    1 -19.736 <0.0001

Backend = js-bypass, Environment = Safari, Model.Unique = guitar-lstm:
 contrast  ratio     SE   df null t.ratio p.value
 wasm / js 0.689 0.0123 1296    1 -20.899 <0.0001

Backend = js-onnx, Environment = Safari, Model.Unique = guitar-lstm:
 contrast  ratio     SE   df null t.ratio p.value
 wasm / js 1.008 0.0180 1296    1   0.440  0.6598

Backend = wasm-onnx, Environment = Safari, Model.Unique = guitar-lstm:
 contrast  ratio     SE   df null t.ratio p.value
 wasm / js 0.930 0.0166 1296    1  -4.051 <0.0001

Backend = wasm-bypass, Environment = Chrome, Model.Unique = steerable-nafx:
 contrast  ratio     SE   df null t.ratio p.value
 wasm / js 0.974 0.0173 1296    1  -1.494  0.1355

Backend = js-bypass, Environment = Chrome, Model.Unique = steerable-nafx:
 contrast  ratio     SE   df null t.ratio p.value
 wasm / js 0.968 0.0172 1296    1  -1.848  0.0648

Backend = js-onnx, Environment = Chrome, Model.Unique = steerable-nafx:
 contrast  ratio     SE   df null t.ratio p.value
 wasm / js 0.998 0.0178 1296    1  -0.139  0.8898

Backend = wasm-onnx, Environment = Chrome, Model.Unique = steerable-nafx:
 contrast  ratio     SE   df null t.ratio p.value
 wasm / js 0.996 0.0178 1296    1  -0.199  0.8420

Backend = wasm-bypass, Environment = Firefox, Model.Unique = steerable-nafx:
 contrast  ratio     SE   df null t.ratio p.value
 wasm / js 1.061 0.0189 1296    1   3.348  0.0008

Backend = js-bypass, Environment = Firefox, Model.Unique = steerable-nafx:
 contrast  ratio     SE   df null t.ratio p.value
 wasm / js 1.015 0.0181 1296    1   0.838  0.4023

Backend = js-onnx, Environment = Firefox, Model.Unique = steerable-nafx:
 contrast  ratio     SE   df null t.ratio p.value
 wasm / js 0.999 0.0178 1296    1  -0.037  0.9703

Backend = wasm-onnx, Environment = Firefox, Model.Unique = steerable-nafx:
 contrast  ratio     SE   df null t.ratio p.value
 wasm / js 0.998 0.0178 1296    1  -0.087  0.9306

Backend = wasm-bypass, Environment = Safari, Model.Unique = steerable-nafx:
 contrast  ratio     SE   df null t.ratio p.value
 wasm / js 0.973 0.0173 1296    1  -1.527  0.1270

Backend = js-bypass, Environment = Safari, Model.Unique = steerable-nafx:
 contrast  ratio     SE   df null t.ratio p.value
 wasm / js 0.937 0.0167 1296    1  -3.642  0.0003

Backend = js-onnx, Environment = Safari, Model.Unique = steerable-nafx:
 contrast  ratio     SE   df null t.ratio p.value
 wasm / js 1.003 0.0179 1296    1   0.153  0.8788

Backend = wasm-onnx, Environment = Safari, Model.Unique = steerable-nafx:
 contrast  ratio     SE   df null t.ratio p.value
 wasm / js 1.003 0.0179 1296    1   0.145  0.8845

Results are averaged over the levels of: Buffer.Size, Iteration.Count 
Degrees-of-freedom method: kenward-roger 
Tests are performed on the log scale 
emm_rq3_pp.csv written to ./results/50-10

Full factorial Backend × PP by buffer size × browser × model

Buffer.Size = 128, Environment = Chrome, Model.Unique = guitar-lstm:
 Backend     PP   response       SE   df lower.CL upper.CL
 wasm-bypass wasm 1.28e-03 2.80e-05 1296 1.23e-03 1.34e-03
 js-bypass   wasm 1.34e-03 2.93e-05 1296 1.29e-03 1.40e-03
 js-onnx     wasm 1.32e-02 2.88e-04 1296 1.27e-02 1.38e-02
 wasm-onnx   wasm 1.26e-02 2.75e-04 1296 1.21e-02 1.32e-02
 wasm-bypass js   1.34e-03 2.93e-05 1296 1.29e-03 1.40e-03
 js-bypass   js   1.38e-03 3.01e-05 1296 1.32e-03 1.44e-03
 js-onnx     js   1.35e-02 2.94e-04 1296 1.29e-02 1.40e-02
 wasm-onnx   js   1.26e-02 2.75e-04 1296 1.21e-02 1.32e-02

Buffer.Size = 1024, Environment = Chrome, Model.Unique = guitar-lstm:
 Backend     PP   response       SE   df lower.CL upper.CL
 wasm-bypass wasm 9.94e-04 2.17e-05 1296 9.52e-04 1.04e-03
 js-bypass   wasm 1.01e-03 2.20e-05 1296 9.65e-04 1.05e-03
 js-onnx     wasm 1.18e-02 2.58e-04 1296 1.13e-02 1.23e-02
 wasm-onnx   wasm 1.17e-02 2.55e-04 1296 1.12e-02 1.22e-02
 wasm-bypass js   1.00e-03 2.18e-05 1296 9.59e-04 1.04e-03
 js-bypass   js   1.01e-03 2.21e-05 1296 9.71e-04 1.06e-03
 js-onnx     js   1.19e-02 2.59e-04 1296 1.14e-02 1.24e-02
 wasm-onnx   js   1.17e-02 2.55e-04 1296 1.12e-02 1.22e-02

Buffer.Size = 8192, Environment = Chrome, Model.Unique = guitar-lstm:
 Backend     PP   response       SE   df lower.CL upper.CL
 wasm-bypass wasm 9.77e-04 2.13e-05 1296 9.36e-04 1.02e-03
 js-bypass   wasm 9.59e-04 2.09e-05 1296 9.18e-04 1.00e-03
 js-onnx     wasm 1.17e-02 2.55e-04 1296 1.12e-02 1.22e-02
 wasm-onnx   wasm 1.16e-02 2.53e-04 1296 1.11e-02 1.21e-02
 wasm-bypass js   9.76e-04 2.13e-05 1296 9.35e-04 1.02e-03
 js-bypass   js   9.79e-04 2.14e-05 1296 9.38e-04 1.02e-03
 js-onnx     js   1.17e-02 2.56e-04 1296 1.12e-02 1.22e-02
 wasm-onnx   js   1.16e-02 2.53e-04 1296 1.11e-02 1.21e-02

Buffer.Size = 128, Environment = Firefox, Model.Unique = guitar-lstm:
 Backend     PP   response       SE   df lower.CL upper.CL
 wasm-bypass wasm 1.13e-03 2.47e-05 1296 1.08e-03 1.18e-03
 js-bypass   wasm 1.17e-03 2.56e-05 1296 1.12e-03 1.22e-03
 js-onnx     wasm 6.81e-03 1.49e-04 1296 6.53e-03 7.11e-03
 wasm-onnx   wasm 7.78e-03 1.70e-04 1296 7.45e-03 8.12e-03
 wasm-bypass js   1.18e-03 2.57e-05 1296 1.13e-03 1.23e-03
 js-bypass   js   1.24e-03 2.70e-05 1296 1.18e-03 1.29e-03
 js-onnx     js   7.00e-03 1.53e-04 1296 6.71e-03 7.31e-03
 wasm-onnx   js   7.74e-03 1.69e-04 1296 7.42e-03 8.08e-03

Buffer.Size = 1024, Environment = Firefox, Model.Unique = guitar-lstm:
 Backend     PP   response       SE   df lower.CL upper.CL
 wasm-bypass wasm 7.05e-04 1.54e-05 1296 6.76e-04 7.36e-04
 js-bypass   wasm 7.12e-04 1.55e-05 1296 6.82e-04 7.43e-04
 js-onnx     wasm 5.80e-03 1.26e-04 1296 5.55e-03 6.05e-03
 wasm-onnx   wasm 6.24e-03 1.36e-04 1296 5.98e-03 6.51e-03
 wasm-bypass js   7.58e-04 1.65e-05 1296 7.26e-04 7.91e-04
 js-bypass   js   7.62e-04 1.66e-05 1296 7.31e-04 7.96e-04
 js-onnx     js   5.84e-03 1.27e-04 1296 5.60e-03 6.10e-03
 wasm-onnx   js   6.27e-03 1.37e-04 1296 6.00e-03 6.54e-03

Buffer.Size = 8192, Environment = Firefox, Model.Unique = guitar-lstm:
 Backend     PP   response       SE   df lower.CL upper.CL
 wasm-bypass wasm 6.35e-04 1.39e-05 1296 6.08e-04 6.63e-04
 js-bypass   wasm 6.38e-04 1.39e-05 1296 6.12e-04 6.66e-04
 js-onnx     wasm 5.72e-03 1.25e-04 1296 5.48e-03 5.97e-03
 wasm-onnx   wasm 6.13e-03 1.34e-04 1296 5.88e-03 6.40e-03
 wasm-bypass js   6.79e-04 1.48e-05 1296 6.51e-04 7.09e-04
 js-bypass   js   6.75e-04 1.47e-05 1296 6.47e-04 7.05e-04
 js-onnx     js   5.76e-03 1.26e-04 1296 5.51e-03 6.01e-03
 wasm-onnx   js   6.14e-03 1.34e-04 1296 5.88e-03 6.41e-03

Buffer.Size = 128, Environment = Safari, Model.Unique = guitar-lstm:
 Backend     PP   response       SE   df lower.CL upper.CL
 wasm-bypass wasm 1.48e-03 3.23e-05 1296 1.42e-03 1.54e-03
 js-bypass   wasm 1.48e-03 3.23e-05 1296 1.42e-03 1.54e-03
 js-onnx     wasm 7.97e-03 1.74e-04 1296 7.64e-03 8.32e-03
 wasm-onnx   wasm 7.85e-03 1.71e-04 1296 7.52e-03 8.20e-03
 wasm-bypass js   1.45e-03 3.16e-05 1296 1.39e-03 1.51e-03
 js-bypass   js   1.70e-03 3.71e-05 1296 1.63e-03 1.78e-03
 js-onnx     js   8.33e-03 1.82e-04 1296 7.98e-03 8.69e-03
 wasm-onnx   js   8.36e-03 1.82e-04 1296 8.01e-03 8.73e-03

Buffer.Size = 1024, Environment = Safari, Model.Unique = guitar-lstm:
 Backend     PP   response       SE   df lower.CL upper.CL
 wasm-bypass wasm 6.47e-04 1.41e-05 1296 6.20e-04 6.75e-04
 js-bypass   wasm 6.58e-04 1.44e-05 1296 6.30e-04 6.87e-04
 js-onnx     wasm 6.27e-03 1.37e-04 1296 6.01e-03 6.55e-03
 wasm-onnx   wasm 5.69e-03 1.24e-04 1296 5.45e-03 5.94e-03
 wasm-bypass js   9.65e-04 2.10e-05 1296 9.24e-04 1.01e-03
 js-bypass   js   8.23e-04 1.80e-05 1296 7.89e-04 8.59e-04
 js-onnx     js   6.67e-03 1.46e-04 1296 6.39e-03 6.96e-03
 wasm-onnx   js   6.03e-03 1.32e-04 1296 5.77e-03 6.29e-03

Buffer.Size = 8192, Environment = Safari, Model.Unique = guitar-lstm:
 Backend     PP   response       SE   df lower.CL upper.CL
 wasm-bypass wasm 5.35e-04 1.17e-05 1296 5.13e-04 5.59e-04
 js-bypass   wasm 5.51e-04 1.20e-05 1296 5.28e-04 5.75e-04
 js-onnx     wasm 7.58e-03 1.65e-04 1296 7.26e-03 7.91e-03
 wasm-onnx   wasm 5.38e-03 1.17e-04 1296 5.15e-03 5.61e-03
 wasm-bypass js   1.05e-03 2.30e-05 1296 1.01e-03 1.10e-03
 js-bypass   js   1.17e-03 2.55e-05 1296 1.12e-03 1.22e-03
 js-onnx     js   6.67e-03 1.45e-04 1296 6.39e-03 6.96e-03
 wasm-onnx   js   5.92e-03 1.29e-04 1296 5.67e-03 6.18e-03

Buffer.Size = 128, Environment = Chrome, Model.Unique = steerable-nafx:
 Backend     PP   response       SE   df lower.CL upper.CL
 wasm-bypass wasm 1.06e-03 2.31e-05 1296 1.01e-03 1.10e-03
 js-bypass   wasm 1.04e-03 2.26e-05 1296 9.94e-04 1.08e-03
 js-onnx     wasm 2.79e-01 6.08e-03 1296 2.67e-01 2.91e-01
 wasm-onnx   wasm 2.78e-01 6.07e-03 1296 2.66e-01 2.90e-01
 wasm-bypass js   1.06e-03 2.30e-05 1296 1.01e-03 1.10e-03
 js-bypass   js   1.09e-03 2.38e-05 1296 1.04e-03 1.14e-03
 js-onnx     js   2.79e-01 6.09e-03 1296 2.68e-01 2.91e-01
 wasm-onnx   js   2.80e-01 6.12e-03 1296 2.69e-01 2.93e-01

Buffer.Size = 1024, Environment = Chrome, Model.Unique = steerable-nafx:
 Backend     PP   response       SE   df lower.CL upper.CL
 wasm-bypass wasm 1.35e-04 2.95e-06 1296 1.30e-04 1.41e-04
 js-bypass   wasm 1.42e-04 3.09e-06 1296 1.36e-04 1.48e-04
 js-onnx     wasm 3.75e-02 8.18e-04 1296 3.59e-02 3.91e-02
 wasm-onnx   wasm 3.74e-02 8.16e-04 1296 3.58e-02 3.90e-02
 wasm-bypass js   1.40e-04 3.06e-06 1296 1.34e-04 1.46e-04
 js-bypass   js   1.46e-04 3.19e-06 1296 1.40e-04 1.53e-04
 js-onnx     js   3.75e-02 8.19e-04 1296 3.60e-02 3.92e-02
 wasm-onnx   js   3.73e-02 8.13e-04 1296 3.57e-02 3.89e-02

Buffer.Size = 8192, Environment = Chrome, Model.Unique = steerable-nafx:
 Backend     PP   response       SE   df lower.CL upper.CL
 wasm-bypass wasm 3.81e-05 8.31e-07 1296 3.65e-05 3.97e-05
 js-bypass   wasm 4.18e-05 9.12e-07 1296 4.01e-05 4.36e-05
 js-onnx     wasm 7.26e-03 1.58e-04 1296 6.95e-03 7.57e-03
 wasm-onnx   wasm 7.26e-03 1.58e-04 1296 6.95e-03 7.57e-03
 wasm-bypass js   3.99e-05 8.70e-07 1296 3.82e-05 4.16e-05
 js-bypass   js   4.26e-05 9.29e-07 1296 4.08e-05 4.45e-05
 js-onnx     js   7.28e-03 1.59e-04 1296 6.98e-03 7.60e-03
 wasm-onnx   js   7.29e-03 1.59e-04 1296 6.99e-03 7.61e-03

Buffer.Size = 128, Environment = Firefox, Model.Unique = steerable-nafx:
 Backend     PP   response       SE   df lower.CL upper.CL
 wasm-bypass wasm 1.01e-03 2.21e-05 1296 9.70e-04 1.06e-03
 js-bypass   wasm 1.07e-03 2.33e-05 1296 1.03e-03 1.12e-03
 js-onnx     wasm 1.36e-01 2.96e-03 1296 1.30e-01 1.42e-01
 wasm-onnx   wasm 1.38e-01 3.01e-03 1296 1.32e-01 1.44e-01
 wasm-bypass js   1.01e-03 2.21e-05 1296 9.72e-04 1.06e-03
 js-bypass   js   1.08e-03 2.36e-05 1296 1.04e-03 1.13e-03
 js-onnx     js   1.36e-01 2.96e-03 1296 1.30e-01 1.42e-01
 wasm-onnx   js   1.38e-01 3.01e-03 1296 1.32e-01 1.44e-01

Buffer.Size = 1024, Environment = Firefox, Model.Unique = steerable-nafx:
 Backend     PP   response       SE   df lower.CL upper.CL
 wasm-bypass wasm 1.28e-04 2.79e-06 1296 1.23e-04 1.34e-04
 js-bypass   wasm 1.38e-04 3.00e-06 1296 1.32e-04 1.44e-04
 js-onnx     wasm 1.82e-02 3.97e-04 1296 1.74e-02 1.90e-02
 wasm-onnx   wasm 1.85e-02 4.04e-04 1296 1.77e-02 1.93e-02
 wasm-bypass js   1.09e-04 2.38e-06 1296 1.04e-04 1.14e-04
 js-bypass   js   1.36e-04 2.96e-06 1296 1.30e-04 1.42e-04
 js-onnx     js   1.82e-02 3.97e-04 1296 1.74e-02 1.90e-02
 wasm-onnx   js   1.86e-02 4.06e-04 1296 1.78e-02 1.94e-02

Buffer.Size = 8192, Environment = Firefox, Model.Unique = steerable-nafx:
 Backend     PP   response       SE   df lower.CL upper.CL
 wasm-bypass wasm 2.96e-05 6.45e-07 1296 2.83e-05 3.09e-05
 js-bypass   wasm 3.07e-05 6.70e-07 1296 2.94e-05 3.20e-05
 js-onnx     wasm 3.52e-03 7.68e-05 1296 3.37e-03 3.68e-03
 wasm-onnx   wasm 3.67e-03 8.01e-05 1296 3.52e-03 3.83e-03
 wasm-bypass js   2.90e-05 6.33e-07 1296 2.78e-05 3.03e-05
 js-bypass   js   2.94e-05 6.42e-07 1296 2.82e-05 3.07e-05
 js-onnx     js   3.52e-03 7.69e-05 1296 3.37e-03 3.68e-03
 wasm-onnx   js   3.67e-03 8.01e-05 1296 3.52e-03 3.83e-03

Buffer.Size = 128, Environment = Safari, Model.Unique = steerable-nafx:
 Backend     PP   response       SE   df lower.CL upper.CL
 wasm-bypass wasm 1.08e-03 2.35e-05 1296 1.03e-03 1.12e-03
 js-bypass   wasm 1.17e-03 2.56e-05 1296 1.13e-03 1.23e-03
 js-onnx     wasm 1.37e-01 2.98e-03 1296 1.31e-01 1.43e-01
 wasm-onnx   wasm 1.38e-01 3.01e-03 1296 1.32e-01 1.44e-01
 wasm-bypass js   1.15e-03 2.52e-05 1296 1.11e-03 1.21e-03
 js-bypass   js   1.20e-03 2.62e-05 1296 1.15e-03 1.25e-03
 js-onnx     js   1.37e-01 2.99e-03 1296 1.31e-01 1.43e-01
 wasm-onnx   js   1.38e-01 3.02e-03 1296 1.32e-01 1.44e-01

Buffer.Size = 1024, Environment = Safari, Model.Unique = steerable-nafx:
 Backend     PP   response       SE   df lower.CL upper.CL
 wasm-bypass wasm 1.47e-04 3.20e-06 1296 1.41e-04 1.53e-04
 js-bypass   wasm 1.75e-04 3.81e-06 1296 1.67e-04 1.82e-04
 js-onnx     wasm 1.84e-02 4.01e-04 1296 1.76e-02 1.92e-02
 wasm-onnx   wasm 1.86e-02 4.07e-04 1296 1.79e-02 1.94e-02
 wasm-bypass js   1.50e-04 3.27e-06 1296 1.44e-04 1.56e-04
 js-bypass   js   1.83e-04 4.00e-06 1296 1.76e-04 1.91e-04
 js-onnx     js   1.84e-02 4.01e-04 1296 1.76e-02 1.92e-02
 wasm-onnx   js   1.87e-02 4.08e-04 1296 1.79e-02 1.95e-02

Buffer.Size = 8192, Environment = Safari, Model.Unique = steerable-nafx:
 Backend     PP   response       SE   df lower.CL upper.CL
 wasm-bypass wasm 3.14e-05 6.85e-07 1296 3.01e-05 3.28e-05
 js-bypass   wasm 5.07e-05 1.11e-06 1296 4.86e-05 5.30e-05
 js-onnx     wasm 3.60e-03 7.85e-05 1296 3.45e-03 3.76e-03
 wasm-onnx   wasm 3.69e-03 8.06e-05 1296 3.54e-03 3.86e-03
 wasm-bypass js   3.11e-05 6.79e-07 1296 2.98e-05 3.25e-05
 js-bypass   js   5.76e-05 1.26e-06 1296 5.52e-05 6.01e-05
 js-onnx     js   3.56e-03 7.77e-05 1296 3.41e-03 3.72e-03
 wasm-onnx   js   3.65e-03 7.97e-05 1296 3.50e-03 3.81e-03

Results are averaged over the levels of: Iteration.Count 
Degrees-of-freedom method: kenward-roger 
Confidence level used: 0.95 
Intervals are back-transformed from the log scale 
Buffer.Size = 128, Environment = Chrome, Model.Unique = guitar-lstm:
 contrast                                 ratio       SE   df null  t.ratio
 (wasm-bypass wasm) / (js-bypass wasm) 9.55e-01 0.029500 1296    1   -1.502
 (wasm-bypass wasm) / (js-onnx wasm)   9.71e-02 0.003000 1296    1  -75.591
 (wasm-bypass wasm) / (wasm-onnx wasm) 1.02e-01 0.003140 1296    1  -74.085
 (wasm-bypass wasm) / (wasm-bypass js) 9.55e-01 0.029500 1296    1   -1.477
 (wasm-bypass wasm) / (js-bypass js)   9.30e-01 0.028700 1296    1   -2.345
 (wasm-bypass wasm) / (js-onnx js)     9.53e-02 0.002940 1296    1  -76.191
 (wasm-bypass wasm) / (wasm-onnx js)   1.02e-01 0.003140 1296    1  -74.100
 (js-bypass wasm) / (js-onnx wasm)     1.02e-01 0.003140 1296    1  -74.089
 (js-bypass wasm) / (wasm-onnx wasm)   1.07e-01 0.003290 1296    1  -72.583
 (js-bypass wasm) / (wasm-bypass js)   1.00e+00 0.030900 1296    1    0.026
 (js-bypass wasm) / (js-bypass js)     9.74e-01 0.030100 1296    1   -0.843
 (js-bypass wasm) / (js-onnx js)       9.98e-02 0.003080 1296    1  -74.688
 (js-bypass wasm) / (wasm-onnx js)     1.06e-01 0.003280 1296    1  -72.598
 (js-onnx wasm) / (wasm-onnx wasm)     1.05e+00 0.032300 1296    1    1.507
 (js-onnx wasm) / (wasm-bypass js)     9.84e+00 0.304000 1296    1   74.115
 (js-onnx wasm) / (js-bypass js)       9.58e+00 0.296000 1296    1   73.246
 (js-onnx wasm) / (js-onnx js)         9.82e-01 0.030300 1296    1   -0.599
 (js-onnx wasm) / (wasm-onnx js)       1.05e+00 0.032300 1296    1    1.491
 (wasm-onnx wasm) / (wasm-bypass js)   9.40e+00 0.290000 1296    1   72.608
 (wasm-onnx wasm) / (js-bypass js)     9.15e+00 0.282000 1296    1   71.740
 (wasm-onnx wasm) / (js-onnx js)       9.37e-01 0.028900 1296    1   -2.106
 (wasm-onnx wasm) / (wasm-onnx js)     1.00e+00 0.030800 1296    1   -0.015
 (wasm-bypass js) / (js-bypass js)     9.74e-01 0.030000 1296    1   -0.868
 (wasm-bypass js) / (js-onnx js)       9.97e-02 0.003080 1296    1  -74.714
 (wasm-bypass js) / (wasm-onnx js)     1.06e-01 0.003280 1296    1  -72.624
 (js-bypass js) / (js-onnx js)         1.02e-01 0.003160 1296    1  -73.846
 (js-bypass js) / (wasm-onnx js)       1.09e-01 0.003370 1296    1  -71.755
 (js-onnx js) / (wasm-onnx js)         1.07e+00 0.032900 1296    1    2.090
 p.value
  1.0000
 <0.0001
 <0.0001
  1.0000
  0.2301
 <0.0001
 <0.0001
 <0.0001
 <0.0001
  1.0000
  1.0000
 <0.0001
 <0.0001
  1.0000
 <0.0001
 <0.0001
  1.0000
  1.0000
 <0.0001
 <0.0001
  0.3896
  1.0000
  1.0000
 <0.0001
 <0.0001
 <0.0001
 <0.0001
  0.3896

Buffer.Size = 1024, Environment = Chrome, Model.Unique = guitar-lstm:
 contrast                                 ratio       SE   df null  t.ratio
 (wasm-bypass wasm) / (js-bypass wasm) 9.86e-01 0.030400 1296    1   -0.449
 (wasm-bypass wasm) / (js-onnx wasm)   8.42e-02 0.002600 1296    1  -80.214
 (wasm-bypass wasm) / (wasm-onnx wasm) 8.50e-02 0.002620 1296    1  -79.890
 (wasm-bypass wasm) / (wasm-bypass js) 9.93e-01 0.030600 1296    1   -0.235
 (wasm-bypass wasm) / (js-bypass js)   9.80e-01 0.030200 1296    1   -0.654
 (wasm-bypass wasm) / (js-onnx js)     8.37e-02 0.002580 1296    1  -80.396
 (wasm-bypass wasm) / (wasm-onnx js)   8.50e-02 0.002620 1296    1  -79.911
 (js-bypass wasm) / (js-onnx wasm)     8.53e-02 0.002630 1296    1  -79.765
 (js-bypass wasm) / (wasm-onnx wasm)   8.62e-02 0.002660 1296    1  -79.441
 (js-bypass wasm) / (wasm-bypass js)   1.01e+00 0.031100 1296    1    0.214
 (js-bypass wasm) / (js-bypass js)     9.94e-01 0.030700 1296    1   -0.205
 (js-bypass wasm) / (js-onnx js)       8.49e-02 0.002620 1296    1  -79.947
 (js-bypass wasm) / (wasm-onnx js)     8.61e-02 0.002660 1296    1  -79.462
 (js-onnx wasm) / (wasm-onnx wasm)     1.01e+00 0.031200 1296    1    0.324
 (js-onnx wasm) / (wasm-bypass js)     1.18e+01 0.364000 1296    1   79.979
 (js-onnx wasm) / (js-bypass js)       1.16e+01 0.359000 1296    1   79.559
 (js-onnx wasm) / (js-onnx js)         9.94e-01 0.030700 1296    1   -0.182
 (js-onnx wasm) / (wasm-onnx js)       1.01e+00 0.031100 1296    1    0.303
 (wasm-onnx wasm) / (wasm-bypass js)   1.17e+01 0.360000 1296    1   79.655
 (wasm-onnx wasm) / (js-bypass js)     1.15e+01 0.356000 1296    1   79.236
 (wasm-onnx wasm) / (js-onnx js)       9.85e-01 0.030400 1296    1   -0.506
 (wasm-onnx wasm) / (wasm-onnx js)     9.99e-01 0.030800 1296    1   -0.021
 (wasm-bypass js) / (js-bypass js)     9.87e-01 0.030500 1296    1   -0.420
 (wasm-bypass js) / (js-onnx js)       8.43e-02 0.002600 1296    1  -80.162
 (wasm-bypass js) / (wasm-onnx js)     8.56e-02 0.002640 1296    1  -79.677
 (js-bypass js) / (js-onnx js)         8.54e-02 0.002640 1296    1  -79.742
 (js-bypass js) / (wasm-onnx js)       8.67e-02 0.002680 1296    1  -79.257
 (js-onnx js) / (wasm-onnx js)         1.02e+00 0.031300 1296    1    0.485
 p.value
  1.0000
 <0.0001
 <0.0001
  1.0000
  1.0000
 <0.0001
 <0.0001
 <0.0001
 <0.0001
  1.0000
  1.0000
 <0.0001
 <0.0001
  1.0000
 <0.0001
 <0.0001
  1.0000
  1.0000
 <0.0001
 <0.0001
  1.0000
  1.0000
  1.0000
 <0.0001
 <0.0001
 <0.0001
 <0.0001
  1.0000

Buffer.Size = 8192, Environment = Chrome, Model.Unique = guitar-lstm:
 contrast                                 ratio       SE   df null  t.ratio
 (wasm-bypass wasm) / (js-bypass wasm) 1.02e+00 0.031400 1296    1    0.614
 (wasm-bypass wasm) / (js-onnx wasm)   8.36e-02 0.002580 1296    1  -80.444
 (wasm-bypass wasm) / (wasm-onnx wasm) 8.44e-02 0.002600 1296    1  -80.139
 (wasm-bypass wasm) / (wasm-bypass js) 1.00e+00 0.030900 1296    1    0.030
 (wasm-bypass wasm) / (js-bypass js)   9.98e-01 0.030800 1296    1   -0.066
 (wasm-bypass wasm) / (js-onnx js)     8.33e-02 0.002570 1296    1  -80.546
 (wasm-bypass wasm) / (wasm-onnx js)   8.42e-02 0.002600 1296    1  -80.191
 (js-bypass wasm) / (js-onnx wasm)     8.20e-02 0.002530 1296    1  -81.058
 (js-bypass wasm) / (wasm-onnx wasm)   8.28e-02 0.002550 1296    1  -80.753
 (js-bypass wasm) / (wasm-bypass js)   9.82e-01 0.030300 1296    1   -0.584
 (js-bypass wasm) / (js-bypass js)     9.79e-01 0.030200 1296    1   -0.680
 (js-bypass wasm) / (js-onnx js)       8.18e-02 0.002520 1296    1  -81.160
 (js-bypass wasm) / (wasm-onnx js)     8.27e-02 0.002550 1296    1  -80.805
 (js-onnx wasm) / (wasm-onnx wasm)     1.01e+00 0.031100 1296    1    0.305
 (js-onnx wasm) / (wasm-bypass js)     1.20e+01 0.370000 1296    1   80.474
 (js-onnx wasm) / (js-bypass js)       1.19e+01 0.368000 1296    1   80.379
 (js-onnx wasm) / (js-onnx js)         9.97e-01 0.030800 1296    1   -0.102
 (js-onnx wasm) / (wasm-onnx js)       1.01e+00 0.031100 1296    1    0.253
 (wasm-onnx wasm) / (wasm-bypass js)   1.19e+01 0.366000 1296    1   80.169
 (wasm-onnx wasm) / (js-bypass js)     1.18e+01 0.365000 1296    1   80.074
 (wasm-onnx wasm) / (js-onnx js)       9.88e-01 0.030500 1296    1   -0.407
 (wasm-onnx wasm) / (wasm-onnx js)     9.98e-01 0.030800 1296    1   -0.051
 (wasm-bypass js) / (js-bypass js)     9.97e-01 0.030800 1296    1   -0.095
 (wasm-bypass js) / (js-onnx js)       8.32e-02 0.002570 1296    1  -80.576
 (wasm-bypass js) / (wasm-onnx js)     8.42e-02 0.002600 1296    1  -80.220
 (js-bypass js) / (js-onnx js)         8.35e-02 0.002580 1296    1  -80.480
 (js-bypass js) / (wasm-onnx js)       8.44e-02 0.002600 1296    1  -80.125
 (js-onnx js) / (wasm-onnx js)         1.01e+00 0.031200 1296    1    0.355
 p.value
  1.0000
 <0.0001
 <0.0001
  1.0000
  1.0000
 <0.0001
 <0.0001
 <0.0001
 <0.0001
  1.0000
  1.0000
 <0.0001
 <0.0001
  1.0000
 <0.0001
 <0.0001
  1.0000
  1.0000
 <0.0001
 <0.0001
  1.0000
  1.0000
  1.0000
 <0.0001
 <0.0001
 <0.0001
 <0.0001
  1.0000

Buffer.Size = 128, Environment = Firefox, Model.Unique = guitar-lstm:
 contrast                                 ratio       SE   df null  t.ratio
 (wasm-bypass wasm) / (js-bypass wasm) 9.66e-01 0.029800 1296    1   -1.112
 (wasm-bypass wasm) / (js-onnx wasm)   1.66e-01 0.005130 1296    1  -58.157
 (wasm-bypass wasm) / (wasm-onnx wasm) 1.46e-01 0.004490 1296    1  -62.463
 (wasm-bypass wasm) / (wasm-bypass js) 9.60e-01 0.029600 1296    1   -1.307
 (wasm-bypass wasm) / (js-bypass js)   9.16e-01 0.028300 1296    1   -2.830
 (wasm-bypass wasm) / (js-onnx js)     1.62e-01 0.004990 1296    1  -59.058
 (wasm-bypass wasm) / (wasm-onnx js)   1.46e-01 0.004510 1296    1  -62.309
 (js-bypass wasm) / (js-onnx wasm)     1.72e-01 0.005310 1296    1  -57.045
 (js-bypass wasm) / (wasm-onnx wasm)   1.51e-01 0.004650 1296    1  -61.351
 (js-bypass wasm) / (wasm-bypass js)   9.94e-01 0.030700 1296    1   -0.195
 (js-bypass wasm) / (js-bypass js)     9.48e-01 0.029300 1296    1   -1.718
 (js-bypass wasm) / (js-onnx js)       1.67e-01 0.005160 1296    1  -57.946
 (js-bypass wasm) / (wasm-onnx js)     1.51e-01 0.004670 1296    1  -61.198
 (js-onnx wasm) / (wasm-onnx wasm)     8.76e-01 0.027000 1296    1   -4.306
 (js-onnx wasm) / (wasm-bypass js)     5.78e+00 0.178000 1296    1   56.850
 (js-onnx wasm) / (js-bypass js)       5.51e+00 0.170000 1296    1   55.327
 (js-onnx wasm) / (js-onnx js)         9.73e-01 0.030000 1296    1   -0.900
 (js-onnx wasm) / (wasm-onnx js)       8.80e-01 0.027100 1296    1   -4.152
 (wasm-onnx wasm) / (wasm-bypass js)   6.60e+00 0.204000 1296    1   61.156
 (wasm-onnx wasm) / (js-bypass js)     6.30e+00 0.194000 1296    1   59.633
 (wasm-onnx wasm) / (js-onnx js)       1.11e+00 0.034300 1296    1    3.406
 (wasm-onnx wasm) / (wasm-onnx js)     1.00e+00 0.031000 1296    1    0.154
 (wasm-bypass js) / (js-bypass js)     9.54e-01 0.029400 1296    1   -1.523
 (wasm-bypass js) / (js-onnx js)       1.68e-01 0.005190 1296    1  -57.751
 (wasm-bypass js) / (wasm-onnx js)     1.52e-01 0.004700 1296    1  -61.002
 (js-bypass js) / (js-onnx js)         1.76e-01 0.005440 1296    1  -56.228
 (js-bypass js) / (wasm-onnx js)       1.60e-01 0.004920 1296    1  -59.480
 (js-onnx js) / (wasm-onnx js)         9.05e-01 0.027900 1296    1   -3.252
 p.value
  1.0000
 <0.0001
 <0.0001
  0.9570
  0.0378
 <0.0001
 <0.0001
 <0.0001
 <0.0001
  1.0000
  0.6022
 <0.0001
 <0.0001
  0.0002
 <0.0001
 <0.0001
  1.0000
  0.0004
 <0.0001
 <0.0001
  0.0068
  1.0000
  0.7685
 <0.0001
 <0.0001
 <0.0001
 <0.0001
  0.0106

Buffer.Size = 1024, Environment = Firefox, Model.Unique = guitar-lstm:
 contrast                                 ratio       SE   df null  t.ratio
 (wasm-bypass wasm) / (js-bypass wasm) 9.91e-01 0.030600 1296    1   -0.307
 (wasm-bypass wasm) / (js-onnx wasm)   1.22e-01 0.003750 1296    1  -68.274
 (wasm-bypass wasm) / (wasm-onnx wasm) 1.13e-01 0.003490 1296    1  -70.664
 (wasm-bypass wasm) / (wasm-bypass js) 9.30e-01 0.028700 1296    1   -2.337
 (wasm-bypass wasm) / (js-bypass js)   9.25e-01 0.028500 1296    1   -2.529
 (wasm-bypass wasm) / (js-onnx js)     1.21e-01 0.003730 1296    1  -68.515
 (wasm-bypass wasm) / (wasm-onnx js)   1.13e-01 0.003470 1296    1  -70.795
 (js-bypass wasm) / (js-onnx wasm)     1.23e-01 0.003790 1296    1  -67.967
 (js-bypass wasm) / (wasm-onnx wasm)   1.14e-01 0.003520 1296    1  -70.357
 (js-bypass wasm) / (wasm-bypass js)   9.39e-01 0.029000 1296    1   -2.030
 (js-bypass wasm) / (js-bypass js)     9.34e-01 0.028800 1296    1   -2.223
 (js-bypass wasm) / (js-onnx js)       1.22e-01 0.003760 1296    1  -68.208
 (js-bypass wasm) / (wasm-onnx js)     1.14e-01 0.003510 1296    1  -70.488
 (js-onnx wasm) / (wasm-onnx wasm)     9.29e-01 0.028700 1296    1   -2.390
 (js-onnx wasm) / (wasm-bypass js)     7.65e+00 0.236000 1296    1   65.937
 (js-onnx wasm) / (js-bypass js)       7.60e+00 0.235000 1296    1   65.744
 (js-onnx wasm) / (js-onnx js)         9.93e-01 0.030600 1296    1   -0.241
 (js-onnx wasm) / (wasm-onnx js)       9.25e-01 0.028500 1296    1   -2.521
 (wasm-onnx wasm) / (wasm-bypass js)   8.23e+00 0.254000 1296    1   68.327
 (wasm-onnx wasm) / (js-bypass js)     8.18e+00 0.253000 1296    1   68.134
 (wasm-onnx wasm) / (js-onnx js)       1.07e+00 0.033000 1296    1    2.149
 (wasm-onnx wasm) / (wasm-onnx js)     9.96e-01 0.030700 1296    1   -0.131
 (wasm-bypass js) / (js-bypass js)     9.94e-01 0.030700 1296    1   -0.193
 (wasm-bypass js) / (js-onnx js)       1.30e-01 0.004000 1296    1  -66.178
 (wasm-bypass js) / (wasm-onnx js)     1.21e-01 0.003730 1296    1  -68.458
 (js-bypass js) / (js-onnx js)         1.31e-01 0.004030 1296    1  -65.985
 (js-bypass js) / (wasm-onnx js)       1.22e-01 0.003760 1296    1  -68.265
 (js-onnx js) / (wasm-onnx js)         9.32e-01 0.028800 1296    1   -2.280
 p.value
  1.0000
 <0.0001
 <0.0001
  0.1764
  0.1385
 <0.0001
 <0.0001
 <0.0001
 <0.0001
  0.2128
  0.1849
 <0.0001
 <0.0001
  0.1699
 <0.0001
 <0.0001
  1.0000
  0.1385
 <0.0001
 <0.0001
  0.1908
  1.0000
  1.0000
 <0.0001
 <0.0001
 <0.0001
 <0.0001
  0.1821

Buffer.Size = 8192, Environment = Firefox, Model.Unique = guitar-lstm:
 contrast                                 ratio       SE   df null  t.ratio
 (wasm-bypass wasm) / (js-bypass wasm) 9.95e-01 0.030700 1296    1   -0.178
 (wasm-bypass wasm) / (js-onnx wasm)   1.11e-01 0.003420 1296    1  -71.247
 (wasm-bypass wasm) / (wasm-onnx wasm) 1.04e-01 0.003190 1296    1  -73.511
 (wasm-bypass wasm) / (wasm-bypass js) 9.34e-01 0.028800 1296    1   -2.198
 (wasm-bypass wasm) / (js-bypass js)   9.40e-01 0.029000 1296    1   -1.993
 (wasm-bypass wasm) / (js-onnx js)     1.10e-01 0.003400 1296    1  -71.449
 (wasm-bypass wasm) / (wasm-onnx js)   1.03e-01 0.003190 1296    1  -73.554
 (js-bypass wasm) / (js-onnx wasm)     1.12e-01 0.003440 1296    1  -71.069
 (js-bypass wasm) / (wasm-onnx wasm)   1.04e-01 0.003210 1296    1  -73.333
 (js-bypass wasm) / (wasm-bypass js)   9.40e-01 0.029000 1296    1   -2.020
 (js-bypass wasm) / (js-bypass js)     9.46e-01 0.029200 1296    1   -1.815
 (js-bypass wasm) / (js-onnx js)       1.11e-01 0.003420 1296    1  -71.271
 (js-bypass wasm) / (wasm-onnx js)     1.04e-01 0.003210 1296    1  -73.377
 (js-onnx wasm) / (wasm-onnx wasm)     9.33e-01 0.028800 1296    1   -2.263
 (js-onnx wasm) / (wasm-bypass js)     8.42e+00 0.260000 1296    1   69.049
 (js-onnx wasm) / (js-bypass js)       8.47e+00 0.261000 1296    1   69.255
 (js-onnx wasm) / (js-onnx js)         9.94e-01 0.030700 1296    1   -0.202
 (js-onnx wasm) / (wasm-onnx js)       9.31e-01 0.028700 1296    1   -2.307
 (wasm-onnx wasm) / (wasm-bypass js)   9.03e+00 0.279000 1296    1   71.312
 (wasm-onnx wasm) / (js-bypass js)     9.09e+00 0.280000 1296    1   71.518
 (wasm-onnx wasm) / (js-onnx js)       1.07e+00 0.032900 1296    1    2.062
 (wasm-onnx wasm) / (wasm-onnx js)     9.99e-01 0.030800 1296    1   -0.044
 (wasm-bypass js) / (js-bypass js)     1.01e+00 0.031100 1296    1    0.206
 (wasm-bypass js) / (js-onnx js)       1.18e-01 0.003640 1296    1  -69.251
 (wasm-bypass js) / (wasm-onnx js)     1.11e-01 0.003410 1296    1  -71.356
 (js-bypass js) / (js-onnx js)         1.17e-01 0.003620 1296    1  -69.456
 (js-bypass js) / (wasm-onnx js)       1.10e-01 0.003390 1296    1  -71.562
 (js-onnx js) / (wasm-onnx js)         9.37e-01 0.028900 1296    1   -2.106
 p.value
  1.0000
 <0.0001
 <0.0001
  0.2811
  0.3189
 <0.0001
 <0.0001
 <0.0001
 <0.0001
  0.3189
  0.3490
 <0.0001
 <0.0001
  0.2616
 <0.0001
 <0.0001
  1.0000
  0.2544
 <0.0001
 <0.0001
  0.3189
  1.0000
  1.0000
 <0.0001
 <0.0001
 <0.0001
 <0.0001
  0.3189

Buffer.Size = 128, Environment = Safari, Model.Unique = guitar-lstm:
 contrast                                 ratio       SE   df null  t.ratio
 (wasm-bypass wasm) / (js-bypass wasm) 1.00e+00 0.030800 1296    1   -0.016
 (wasm-bypass wasm) / (js-onnx wasm)   1.86e-01 0.005720 1296    1  -54.600
 (wasm-bypass wasm) / (wasm-onnx wasm) 1.88e-01 0.005810 1296    1  -54.119
 (wasm-bypass wasm) / (wasm-bypass js) 1.02e+00 0.031500 1296    1    0.667
 (wasm-bypass wasm) / (js-bypass js)   8.68e-01 0.026800 1296    1   -4.573
 (wasm-bypass wasm) / (js-onnx js)     1.78e-01 0.005480 1296    1  -56.028
 (wasm-bypass wasm) / (wasm-onnx js)   1.77e-01 0.005460 1296    1  -56.152
 (js-bypass wasm) / (js-onnx wasm)     1.86e-01 0.005730 1296    1  -54.584
 (js-bypass wasm) / (wasm-onnx wasm)   1.88e-01 0.005810 1296    1  -54.103
 (js-bypass wasm) / (wasm-bypass js)   1.02e+00 0.031500 1296    1    0.682
 (js-bypass wasm) / (js-bypass js)     8.69e-01 0.026800 1296    1   -4.557
 (js-bypass wasm) / (js-onnx js)       1.78e-01 0.005480 1296    1  -56.012
 (js-bypass wasm) / (wasm-onnx js)     1.77e-01 0.005460 1296    1  -56.136
 (js-onnx wasm) / (wasm-onnx wasm)     1.01e+00 0.031300 1296    1    0.481
 (js-onnx wasm) / (wasm-bypass js)     5.50e+00 0.170000 1296    1   55.266
 (js-onnx wasm) / (js-bypass js)       4.68e+00 0.144000 1296    1   50.027
 (js-onnx wasm) / (js-onnx js)         9.57e-01 0.029500 1296    1   -1.429
 (js-onnx wasm) / (wasm-onnx js)       9.53e-01 0.029400 1296    1   -1.552
 (wasm-onnx wasm) / (wasm-bypass js)   5.42e+00 0.167000 1296    1   54.786
 (wasm-onnx wasm) / (js-bypass js)     4.61e+00 0.142000 1296    1   49.546
 (wasm-onnx wasm) / (js-onnx js)       9.43e-01 0.029100 1296    1   -1.909
 (wasm-onnx wasm) / (wasm-onnx js)     9.39e-01 0.029000 1296    1   -2.033
 (wasm-bypass js) / (js-bypass js)     8.51e-01 0.026200 1296    1   -5.240
 (wasm-bypass js) / (js-onnx js)       1.74e-01 0.005370 1296    1  -56.695
 (wasm-bypass js) / (wasm-onnx js)     1.73e-01 0.005340 1296    1  -56.819
 (js-bypass js) / (js-onnx js)         2.04e-01 0.006310 1296    1  -51.455
 (js-bypass js) / (wasm-onnx js)       2.04e-01 0.006280 1296    1  -51.579
 (js-onnx js) / (wasm-onnx js)         9.96e-01 0.030700 1296    1   -0.124
 p.value
  1.0000
 <0.0001
 <0.0001
  1.0000
 <0.0001
 <0.0001
 <0.0001
 <0.0001
 <0.0001
  1.0000
 <0.0001
 <0.0001
 <0.0001
  1.0000
 <0.0001
 <0.0001
  0.9200
  0.8457
 <0.0001
 <0.0001
  0.4514
  0.3802
 <0.0001
 <0.0001
 <0.0001
 <0.0001
 <0.0001
  1.0000

Buffer.Size = 1024, Environment = Safari, Model.Unique = guitar-lstm:
 contrast                                 ratio       SE   df null  t.ratio
 (wasm-bypass wasm) / (js-bypass wasm) 9.83e-01 0.030300 1296    1   -0.540
 (wasm-bypass wasm) / (js-onnx wasm)   1.03e-01 0.003180 1296    1  -73.638
 (wasm-bypass wasm) / (wasm-onnx wasm) 1.14e-01 0.003510 1296    1  -70.471
 (wasm-bypass wasm) / (wasm-bypass js) 6.71e-01 0.020700 1296    1  -12.945
 (wasm-bypass wasm) / (js-bypass js)   7.86e-01 0.024200 1296    1   -7.815
 (wasm-bypass wasm) / (js-onnx js)     9.70e-02 0.002990 1296    1  -75.616
 (wasm-bypass wasm) / (wasm-onnx js)   1.07e-01 0.003310 1296    1  -72.334
 (js-bypass wasm) / (js-onnx wasm)     1.05e-01 0.003240 1296    1  -73.097
 (js-bypass wasm) / (wasm-onnx wasm)   1.16e-01 0.003570 1296    1  -69.930
 (js-bypass wasm) / (wasm-bypass js)   6.82e-01 0.021000 1296    1  -12.404
 (js-bypass wasm) / (js-bypass js)     7.99e-01 0.024700 1296    1   -7.275
 (js-bypass wasm) / (js-onnx js)       9.86e-02 0.003040 1296    1  -75.076
 (js-bypass wasm) / (wasm-onnx js)     1.09e-01 0.003370 1296    1  -71.794
 (js-onnx wasm) / (wasm-onnx wasm)     1.10e+00 0.034000 1296    1    3.167
 (js-onnx wasm) / (wasm-bypass js)     6.51e+00 0.201000 1296    1   60.693
 (js-onnx wasm) / (js-bypass js)       7.62e+00 0.235000 1296    1   65.823
 (js-onnx wasm) / (js-onnx js)         9.41e-01 0.029000 1296    1   -1.979
 (js-onnx wasm) / (wasm-onnx js)       1.04e+00 0.032100 1296    1    1.304
 (wasm-onnx wasm) / (wasm-bypass js)   5.90e+00 0.182000 1296    1   57.526
 (wasm-onnx wasm) / (js-bypass js)     6.91e+00 0.213000 1296    1   62.656
 (wasm-onnx wasm) / (js-onnx js)       8.53e-01 0.026300 1296    1   -5.146
 (wasm-onnx wasm) / (wasm-onnx js)     9.44e-01 0.029100 1296    1   -1.863
 (wasm-bypass js) / (js-bypass js)     1.17e+00 0.036100 1296    1    5.130
 (wasm-bypass js) / (js-onnx js)       1.45e-01 0.004460 1296    1  -62.672
 (wasm-bypass js) / (wasm-onnx js)     1.60e-01 0.004940 1296    1  -59.389
 (js-bypass js) / (js-onnx js)         1.23e-01 0.003810 1296    1  -67.801
 (js-bypass js) / (wasm-onnx js)       1.37e-01 0.004220 1296    1  -64.519
 (js-onnx js) / (wasm-onnx js)         1.11e+00 0.034100 1296    1    3.282
 p.value
  0.5892
 <0.0001
 <0.0001
 <0.0001
 <0.0001
 <0.0001
 <0.0001
 <0.0001
 <0.0001
 <0.0001
 <0.0001
 <0.0001
 <0.0001
  0.0079
 <0.0001
 <0.0001
  0.1923
  0.3852
 <0.0001
 <0.0001
 <0.0001
  0.1923
 <0.0001
 <0.0001
 <0.0001
 <0.0001
 <0.0001
  0.0063

Buffer.Size = 8192, Environment = Safari, Model.Unique = guitar-lstm:
 contrast                                 ratio       SE   df null  t.ratio
 (wasm-bypass wasm) / (js-bypass wasm) 9.72e-01 0.030000 1296    1   -0.931
 (wasm-bypass wasm) / (js-onnx wasm)   7.06e-02 0.002180 1296    1  -85.908
 (wasm-bypass wasm) / (wasm-onnx wasm) 9.96e-02 0.003070 1296    1  -74.766
 (wasm-bypass wasm) / (wasm-bypass js) 5.09e-01 0.015700 1296    1  -21.906
 (wasm-bypass wasm) / (js-bypass js)   4.58e-01 0.014100 1296    1  -25.298
 (wasm-bypass wasm) / (js-onnx js)     8.03e-02 0.002480 1296    1  -81.738
 (wasm-bypass wasm) / (wasm-onnx js)   9.04e-02 0.002790 1296    1  -77.887
 (js-bypass wasm) / (js-onnx wasm)     7.27e-02 0.002240 1296    1  -84.977
 (js-bypass wasm) / (wasm-onnx wasm)   1.02e-01 0.003160 1296    1  -73.835
 (js-bypass wasm) / (wasm-bypass js)   5.24e-01 0.016200 1296    1  -20.975
 (js-bypass wasm) / (js-bypass js)     4.72e-01 0.014500 1296    1  -24.366
 (js-bypass wasm) / (js-onnx js)       8.26e-02 0.002550 1296    1  -80.807
 (js-bypass wasm) / (wasm-onnx js)     9.31e-02 0.002870 1296    1  -76.956
 (js-onnx wasm) / (wasm-onnx wasm)     1.41e+00 0.043500 1296    1   11.142
 (js-onnx wasm) / (wasm-bypass js)     7.20e+00 0.222000 1296    1   64.002
 (js-onnx wasm) / (js-bypass js)       6.49e+00 0.200000 1296    1   60.610
 (js-onnx wasm) / (js-onnx js)         1.14e+00 0.035100 1296    1    4.170
 (js-onnx wasm) / (wasm-onnx js)       1.28e+00 0.039500 1296    1    8.021
 (wasm-onnx wasm) / (wasm-bypass js)   5.11e+00 0.158000 1296    1   52.860
 (wasm-onnx wasm) / (js-bypass js)     4.60e+00 0.142000 1296    1   49.469
 (wasm-onnx wasm) / (js-onnx js)       8.06e-01 0.024900 1296    1   -6.972
 (wasm-onnx wasm) / (wasm-onnx js)     9.08e-01 0.028000 1296    1   -3.121
 (wasm-bypass js) / (js-bypass js)     9.01e-01 0.027800 1296    1   -3.392
 (wasm-bypass js) / (js-onnx js)       1.58e-01 0.004870 1296    1  -59.832
 (wasm-bypass js) / (wasm-onnx js)     1.78e-01 0.005480 1296    1  -55.981
 (js-bypass js) / (js-onnx js)         1.75e-01 0.005410 1296    1  -56.440
 (js-bypass js) / (wasm-onnx js)       1.97e-01 0.006090 1296    1  -52.589
 (js-onnx js) / (wasm-onnx js)         1.13e+00 0.034700 1296    1    3.851
 p.value
  0.3518
 <0.0001
 <0.0001
 <0.0001
 <0.0001
 <0.0001
 <0.0001
 <0.0001
 <0.0001
 <0.0001
 <0.0001
 <0.0001
 <0.0001
 <0.0001
 <0.0001
 <0.0001
  0.0002
 <0.0001
 <0.0001
 <0.0001
 <0.0001
  0.0037
  0.0021
 <0.0001
 <0.0001
 <0.0001
 <0.0001
  0.0005

Buffer.Size = 128, Environment = Chrome, Model.Unique = steerable-nafx:
 contrast                                 ratio       SE   df null  t.ratio
 (wasm-bypass wasm) / (js-bypass wasm) 1.02e+00 0.031400 1296    1    0.600
 (wasm-bypass wasm) / (js-onnx wasm)   3.79e-03 0.000117 1296    1 -180.667
 (wasm-bypass wasm) / (wasm-onnx wasm) 3.80e-03 0.000117 1296    1 -180.599
 (wasm-bypass wasm) / (wasm-bypass js) 1.00e+00 0.030900 1296    1    0.020
 (wasm-bypass wasm) / (js-bypass js)   9.69e-01 0.029900 1296    1   -1.010
 (wasm-bypass wasm) / (js-onnx js)     3.78e-03 0.000117 1296    1 -180.745
 (wasm-bypass wasm) / (wasm-onnx js)   3.77e-03 0.000116 1296    1 -180.874
 (js-bypass wasm) / (js-onnx wasm)     3.72e-03 0.000115 1296    1 -181.267
 (js-bypass wasm) / (wasm-onnx wasm)   3.73e-03 0.000115 1296    1 -181.200
 (js-bypass wasm) / (wasm-bypass js)   9.82e-01 0.030300 1296    1   -0.581
 (js-bypass wasm) / (js-bypass js)     9.52e-01 0.029400 1296    1   -1.610
 (js-bypass wasm) / (js-onnx js)       3.72e-03 0.000115 1296    1 -181.345
 (js-bypass wasm) / (wasm-onnx js)     3.70e-03 0.000114 1296    1 -181.475
 (js-onnx wasm) / (wasm-onnx wasm)     1.00e+00 0.030900 1296    1    0.067
 (js-onnx wasm) / (wasm-bypass js)     2.64e+02 8.140000 1296    1  180.686
 (js-onnx wasm) / (js-bypass js)       2.55e+02 7.880000 1296    1  179.657
 (js-onnx wasm) / (js-onnx js)         9.98e-01 0.030800 1296    1   -0.078
 (js-onnx wasm) / (wasm-onnx js)       9.94e-01 0.030700 1296    1   -0.208
 (wasm-onnx wasm) / (wasm-bypass js)   2.63e+02 8.120000 1296    1  180.619
 (wasm-onnx wasm) / (js-bypass js)     2.55e+02 7.870000 1296    1  179.589
 (wasm-onnx wasm) / (js-onnx js)       9.96e-01 0.030700 1296    1   -0.146
 (wasm-onnx wasm) / (wasm-onnx js)     9.92e-01 0.030600 1296    1   -0.275
 (wasm-bypass js) / (js-bypass js)     9.69e-01 0.029900 1296    1   -1.030
 (wasm-bypass js) / (js-onnx js)       3.78e-03 0.000117 1296    1 -180.765
 (wasm-bypass js) / (wasm-onnx js)     3.77e-03 0.000116 1296    1 -180.894
 (js-bypass js) / (js-onnx js)         3.90e-03 0.000120 1296    1 -179.735
 (js-bypass js) / (wasm-onnx js)       3.89e-03 0.000120 1296    1 -179.864
 (js-onnx js) / (wasm-onnx js)         9.96e-01 0.030700 1296    1   -0.129
 p.value
  1.0000
 <0.0001
 <0.0001
  1.0000
  1.0000
 <0.0001
 <0.0001
 <0.0001
 <0.0001
  1.0000
  1.0000
 <0.0001
 <0.0001
  1.0000
 <0.0001
 <0.0001
  1.0000
  1.0000
 <0.0001
 <0.0001
  1.0000
  1.0000
  1.0000
 <0.0001
 <0.0001
 <0.0001
 <0.0001
  1.0000

Buffer.Size = 1024, Environment = Chrome, Model.Unique = steerable-nafx:
 contrast                                 ratio       SE   df null  t.ratio
 (wasm-bypass wasm) / (js-bypass wasm) 9.55e-01 0.029500 1296    1   -1.492
 (wasm-bypass wasm) / (js-onnx wasm)   3.61e-03 0.000111 1296    1 -182.262
 (wasm-bypass wasm) / (wasm-onnx wasm) 3.62e-03 0.000112 1296    1 -182.180
 (wasm-bypass wasm) / (wasm-bypass js) 9.66e-01 0.029800 1296    1   -1.114
 (wasm-bypass wasm) / (js-bypass js)   9.26e-01 0.028600 1296    1   -2.480
 (wasm-bypass wasm) / (js-onnx js)     3.61e-03 0.000111 1296    1 -182.302
 (wasm-bypass wasm) / (wasm-onnx js)   3.63e-03 0.000112 1296    1 -182.089
 (js-bypass wasm) / (js-onnx wasm)     3.78e-03 0.000117 1296    1 -180.770
 (js-bypass wasm) / (wasm-onnx wasm)   3.79e-03 0.000117 1296    1 -180.688
 (js-bypass wasm) / (wasm-bypass js)   1.01e+00 0.031200 1296    1    0.378
 (js-bypass wasm) / (js-bypass js)     9.70e-01 0.029900 1296    1   -0.988
 (js-bypass wasm) / (js-onnx js)       3.78e-03 0.000117 1296    1 -180.810
 (js-bypass wasm) / (wasm-onnx js)     3.80e-03 0.000117 1296    1 -180.597
 (js-onnx wasm) / (wasm-onnx wasm)     1.00e+00 0.030900 1296    1    0.083
 (js-onnx wasm) / (wasm-bypass js)     2.68e+02 8.250000 1296    1  181.148
 (js-onnx wasm) / (js-bypass js)       2.56e+02 7.910000 1296    1  179.782
 (js-onnx wasm) / (js-onnx js)         9.99e-01 0.030800 1296    1   -0.040
 (js-onnx wasm) / (wasm-onnx js)       1.01e+00 0.031000 1296    1    0.173
 (wasm-onnx wasm) / (wasm-bypass js)   2.67e+02 8.230000 1296    1  181.065
 (wasm-onnx wasm) / (js-bypass js)     2.56e+02 7.890000 1296    1  179.700
 (wasm-onnx wasm) / (js-onnx js)       9.96e-01 0.030700 1296    1   -0.122
 (wasm-onnx wasm) / (wasm-onnx js)     1.00e+00 0.030900 1296    1    0.090
 (wasm-bypass js) / (js-bypass js)     9.59e-01 0.029600 1296    1   -1.366
 (wasm-bypass js) / (js-onnx js)       3.73e-03 0.000115 1296    1 -181.187
 (wasm-bypass js) / (wasm-onnx js)     3.76e-03 0.000116 1296    1 -180.975
 (js-bypass js) / (js-onnx js)         3.89e-03 0.000120 1296    1 -179.822
 (js-bypass js) / (wasm-onnx js)       3.92e-03 0.000121 1296    1 -179.609
 (js-onnx js) / (wasm-onnx js)         1.01e+00 0.031100 1296    1    0.213
 p.value
  1.0000
 <0.0001
 <0.0001
  1.0000
  0.1591
 <0.0001
 <0.0001
 <0.0001
 <0.0001
  1.0000
  1.0000
 <0.0001
 <0.0001
  1.0000
 <0.0001
 <0.0001
  1.0000
  1.0000
 <0.0001
 <0.0001
  1.0000
  1.0000
  1.0000
 <0.0001
 <0.0001
 <0.0001
 <0.0001
  1.0000

Buffer.Size = 8192, Environment = Chrome, Model.Unique = steerable-nafx:
 contrast                                 ratio       SE   df null  t.ratio
 (wasm-bypass wasm) / (js-bypass wasm) 9.11e-01 0.028100 1296    1   -3.030
 (wasm-bypass wasm) / (js-onnx wasm)   5.25e-03 0.000162 1296    1 -170.150
 (wasm-bypass wasm) / (wasm-onnx wasm) 5.25e-03 0.000162 1296    1 -170.144
 (wasm-bypass wasm) / (wasm-bypass js) 9.55e-01 0.029500 1296    1   -1.492
 (wasm-bypass wasm) / (js-bypass js)   8.94e-01 0.027600 1296    1   -3.632
 (wasm-bypass wasm) / (js-onnx js)     5.23e-03 0.000161 1296    1 -170.272
 (wasm-bypass wasm) / (wasm-onnx js)   5.22e-03 0.000161 1296    1 -170.305
 (js-bypass wasm) / (js-onnx wasm)     5.76e-03 0.000178 1296    1 -167.120
 (js-bypass wasm) / (wasm-onnx wasm)   5.76e-03 0.000178 1296    1 -167.114
 (js-bypass wasm) / (wasm-bypass js)   1.05e+00 0.032400 1296    1    1.537
 (js-bypass wasm) / (js-bypass js)     9.82e-01 0.030300 1296    1   -0.603
 (js-bypass wasm) / (js-onnx js)       5.74e-03 0.000177 1296    1 -167.243
 (js-bypass wasm) / (wasm-onnx js)     5.74e-03 0.000177 1296    1 -167.275
 (js-onnx wasm) / (wasm-onnx wasm)     1.00e+00 0.030900 1296    1    0.006
 (js-onnx wasm) / (wasm-bypass js)     1.82e+02 5.610000 1296    1  168.658
 (js-onnx wasm) / (js-bypass js)       1.70e+02 5.260000 1296    1  166.518
 (js-onnx wasm) / (js-onnx js)         9.96e-01 0.030700 1296    1   -0.122
 (js-onnx wasm) / (wasm-onnx js)       9.95e-01 0.030700 1296    1   -0.155
 (wasm-onnx wasm) / (wasm-bypass js)   1.82e+02 5.610000 1296    1  168.652
 (wasm-onnx wasm) / (js-bypass js)     1.70e+02 5.250000 1296    1  166.512
 (wasm-onnx wasm) / (js-onnx js)       9.96e-01 0.030700 1296    1   -0.129
 (wasm-onnx wasm) / (wasm-onnx js)     9.95e-01 0.030700 1296    1   -0.161
 (wasm-bypass js) / (js-bypass js)     9.36e-01 0.028900 1296    1   -2.140
 (wasm-bypass js) / (js-onnx js)       5.47e-03 0.000169 1296    1 -168.780
 (wasm-bypass js) / (wasm-onnx js)     5.47e-03 0.000169 1296    1 -168.813
 (js-bypass js) / (js-onnx js)         5.85e-03 0.000180 1296    1 -166.640
 (js-bypass js) / (wasm-onnx js)       5.84e-03 0.000180 1296    1 -166.673
 (js-onnx js) / (wasm-onnx js)         9.99e-01 0.030800 1296    1   -0.032
 p.value
  0.0274
 <0.0001
 <0.0001
  1.0000
  0.0035
 <0.0001
 <0.0001
 <0.0001
 <0.0001
  1.0000
  1.0000
 <0.0001
 <0.0001
  1.0000
 <0.0001
 <0.0001
  1.0000
  1.0000
 <0.0001
 <0.0001
  1.0000
  1.0000
  0.3254
 <0.0001
 <0.0001
 <0.0001
 <0.0001
  1.0000

Buffer.Size = 128, Environment = Firefox, Model.Unique = steerable-nafx:
 contrast                                 ratio       SE   df null  t.ratio
 (wasm-bypass wasm) / (js-bypass wasm) 9.46e-01 0.029200 1296    1   -1.794
 (wasm-bypass wasm) / (js-onnx wasm)   7.46e-03 0.000230 1296    1 -158.738
 (wasm-bypass wasm) / (wasm-onnx wasm) 7.34e-03 0.000226 1296    1 -159.294
 (wasm-bypass wasm) / (wasm-bypass js) 9.97e-01 0.030800 1296    1   -0.083
 (wasm-bypass wasm) / (js-bypass js)   9.36e-01 0.028900 1296    1   -2.160
 (wasm-bypass wasm) / (js-onnx js)     7.46e-03 0.000230 1296    1 -158.764
 (wasm-bypass wasm) / (wasm-onnx js)   7.34e-03 0.000226 1296    1 -159.276
 (js-bypass wasm) / (js-onnx wasm)     7.89e-03 0.000243 1296    1 -156.944
 (js-bypass wasm) / (wasm-onnx wasm)   7.75e-03 0.000239 1296    1 -157.500
 (js-bypass wasm) / (wasm-bypass js)   1.05e+00 0.032500 1296    1    1.712
 (js-bypass wasm) / (js-bypass js)     9.89e-01 0.030500 1296    1   -0.366
 (js-bypass wasm) / (js-onnx js)       7.88e-03 0.000243 1296    1 -156.969
 (js-bypass wasm) / (wasm-onnx js)     7.76e-03 0.000239 1296    1 -157.481
 (js-onnx wasm) / (wasm-onnx wasm)     9.83e-01 0.030300 1296    1   -0.556
 (js-onnx wasm) / (wasm-bypass js)     1.34e+02 4.120000 1296    1  158.656
 (js-onnx wasm) / (js-bypass js)       1.25e+02 3.870000 1296    1  156.578
 (js-onnx wasm) / (js-onnx js)         9.99e-01 0.030800 1296    1   -0.026
 (js-onnx wasm) / (wasm-onnx js)       9.84e-01 0.030300 1296    1   -0.537
 (wasm-onnx wasm) / (wasm-bypass js)   1.36e+02 4.200000 1296    1  159.212
 (wasm-onnx wasm) / (js-bypass js)     1.28e+02 3.930000 1296    1  157.134
 (wasm-onnx wasm) / (js-onnx js)       1.02e+00 0.031400 1296    1    0.530
 (wasm-onnx wasm) / (wasm-onnx js)     1.00e+00 0.030900 1296    1    0.019
 (wasm-bypass js) / (js-bypass js)     9.38e-01 0.028900 1296    1   -2.078
 (wasm-bypass js) / (js-onnx js)       7.48e-03 0.000231 1296    1 -158.681
 (wasm-bypass js) / (wasm-onnx js)     7.36e-03 0.000227 1296    1 -159.193
 (js-bypass js) / (js-onnx js)         7.97e-03 0.000246 1296    1 -156.603
 (js-bypass js) / (wasm-onnx js)       7.85e-03 0.000242 1296    1 -157.115
 (js-onnx js) / (wasm-onnx js)         9.84e-01 0.030400 1296    1   -0.512
 p.value
  0.7300
 <0.0001
 <0.0001
  1.0000
  0.3712
 <0.0001
 <0.0001
 <0.0001
 <0.0001
  0.7848
  1.0000
 <0.0001
 <0.0001
  1.0000
 <0.0001
 <0.0001
  1.0000
  1.0000
 <0.0001
 <0.0001
  1.0000
  1.0000
  0.4174
 <0.0001
 <0.0001
 <0.0001
 <0.0001
  1.0000

Buffer.Size = 1024, Environment = Firefox, Model.Unique = steerable-nafx:
 contrast                                 ratio       SE   df null  t.ratio
 (wasm-bypass wasm) / (js-bypass wasm) 9.30e-01 0.028700 1296    1   -2.360
 (wasm-bypass wasm) / (js-onnx wasm)   7.05e-03 0.000217 1296    1 -160.601
 (wasm-bypass wasm) / (wasm-onnx wasm) 6.91e-03 0.000213 1296    1 -161.212
 (wasm-bypass wasm) / (wasm-bypass js) 1.18e+00 0.036300 1296    1    5.246
 (wasm-bypass wasm) / (js-bypass js)   9.43e-01 0.029100 1296    1   -1.901
 (wasm-bypass wasm) / (js-onnx js)     7.04e-03 0.000217 1296    1 -160.627
 (wasm-bypass wasm) / (wasm-onnx js)   6.88e-03 0.000212 1296    1 -161.356
 (js-bypass wasm) / (js-onnx wasm)     7.58e-03 0.000234 1296    1 -158.241
 (js-bypass wasm) / (wasm-onnx wasm)   7.44e-03 0.000229 1296    1 -158.852
 (js-bypass wasm) / (wasm-bypass js)   1.26e+00 0.039000 1296    1    7.606
 (js-bypass wasm) / (js-bypass js)     1.01e+00 0.031300 1296    1    0.459
 (js-bypass wasm) / (js-onnx js)       7.57e-03 0.000234 1296    1 -158.267
 (js-bypass wasm) / (wasm-onnx js)     7.40e-03 0.000228 1296    1 -158.996
 (js-onnx wasm) / (wasm-onnx wasm)     9.81e-01 0.030300 1296    1   -0.611
 (js-onnx wasm) / (wasm-bypass js)     1.67e+02 5.150000 1296    1  165.847
 (js-onnx wasm) / (js-bypass js)       1.34e+02 4.130000 1296    1  158.700
 (js-onnx wasm) / (js-onnx js)         9.99e-01 0.030800 1296    1   -0.026
 (js-onnx wasm) / (wasm-onnx js)       9.77e-01 0.030100 1296    1   -0.755
 (wasm-onnx wasm) / (wasm-bypass js)   1.70e+02 5.250000 1296    1  166.458
 (wasm-onnx wasm) / (js-bypass js)     1.36e+02 4.210000 1296    1  159.311
 (wasm-onnx wasm) / (js-onnx js)       1.02e+00 0.031400 1296    1    0.585
 (wasm-onnx wasm) / (wasm-onnx js)     9.96e-01 0.030700 1296    1   -0.144
 (wasm-bypass js) / (js-bypass js)     8.02e-01 0.024700 1296    1   -7.147
 (wasm-bypass js) / (js-onnx js)       5.99e-03 0.000185 1296    1 -165.873
 (wasm-bypass js) / (wasm-onnx js)     5.86e-03 0.000181 1296    1 -166.602
 (js-bypass js) / (js-onnx js)         7.47e-03 0.000230 1296    1 -158.726
 (js-bypass js) / (wasm-onnx js)       7.30e-03 0.000225 1296    1 -159.455
 (js-onnx js) / (wasm-onnx js)         9.78e-01 0.030200 1296    1   -0.729
 p.value
  0.1657
 <0.0001
 <0.0001
 <0.0001
  0.4597
 <0.0001
 <0.0001
 <0.0001
 <0.0001
 <0.0001
  1.0000
 <0.0001
 <0.0001
  1.0000
 <0.0001
 <0.0001
  1.0000
  1.0000
 <0.0001
 <0.0001
  1.0000
  1.0000
 <0.0001
 <0.0001
 <0.0001
 <0.0001
 <0.0001
  1.0000

Buffer.Size = 8192, Environment = Firefox, Model.Unique = steerable-nafx:
 contrast                                 ratio       SE   df null  t.ratio
 (wasm-bypass wasm) / (js-bypass wasm) 9.63e-01 0.029700 1296    1   -1.206
 (wasm-bypass wasm) / (js-onnx wasm)   8.40e-03 0.000259 1296    1 -154.901
 (wasm-bypass wasm) / (wasm-onnx wasm) 8.06e-03 0.000249 1296    1 -156.240
 (wasm-bypass wasm) / (wasm-bypass js) 1.02e+00 0.031500 1296    1    0.636
 (wasm-bypass wasm) / (js-bypass js)   1.00e+00 0.031000 1296    1    0.153
 (wasm-bypass wasm) / (js-onnx js)     8.40e-03 0.000259 1296    1 -154.914
 (wasm-bypass wasm) / (wasm-onnx js)   8.06e-03 0.000249 1296    1 -156.265
 (js-bypass wasm) / (js-onnx wasm)     8.72e-03 0.000269 1296    1 -153.695
 (js-bypass wasm) / (wasm-onnx wasm)   8.37e-03 0.000258 1296    1 -155.034
 (js-bypass wasm) / (wasm-bypass js)   1.06e+00 0.032700 1296    1    1.842
 (js-bypass wasm) / (js-bypass js)     1.04e+00 0.032200 1296    1    1.358
 (js-bypass wasm) / (js-onnx js)       8.72e-03 0.000269 1296    1 -153.708
 (js-bypass wasm) / (wasm-onnx js)     8.36e-03 0.000258 1296    1 -155.059
 (js-onnx wasm) / (wasm-onnx wasm)     9.60e-01 0.029600 1296    1   -1.339
 (js-onnx wasm) / (wasm-bypass js)     1.21e+02 3.750000 1296    1  155.537
 (js-onnx wasm) / (js-bypass js)       1.20e+02 3.690000 1296    1  155.054
 (js-onnx wasm) / (js-onnx js)         1.00e+00 0.030800 1296    1   -0.013
 (js-onnx wasm) / (wasm-onnx js)       9.59e-01 0.029600 1296    1   -1.364
 (wasm-onnx wasm) / (wasm-bypass js)   1.27e+02 3.900000 1296    1  156.876
 (wasm-onnx wasm) / (js-bypass js)     1.25e+02 3.850000 1296    1  156.392
 (wasm-onnx wasm) / (js-onnx js)       1.04e+00 0.032100 1296    1    1.326
 (wasm-onnx wasm) / (wasm-onnx js)     9.99e-01 0.030800 1296    1   -0.025
 (wasm-bypass js) / (js-bypass js)     9.85e-01 0.030400 1296    1   -0.483
 (wasm-bypass js) / (js-onnx js)       8.23e-03 0.000254 1296    1 -155.550
 (wasm-bypass js) / (wasm-onnx js)     7.90e-03 0.000244 1296    1 -156.901
 (js-bypass js) / (js-onnx js)         8.36e-03 0.000258 1296    1 -155.067
 (js-bypass js) / (wasm-onnx js)       8.02e-03 0.000247 1296    1 -156.417
 (js-onnx js) / (wasm-onnx js)         9.59e-01 0.029600 1296    1   -1.351
 p.value
  1.0000
 <0.0001
 <0.0001
  1.0000
  1.0000
 <0.0001
 <0.0001
 <0.0001
 <0.0001
  0.7889
  1.0000
 <0.0001
 <0.0001
  1.0000
 <0.0001
 <0.0001
  1.0000
  1.0000
 <0.0001
 <0.0001
  1.0000
  1.0000
  1.0000
 <0.0001
 <0.0001
 <0.0001
 <0.0001
  1.0000

Buffer.Size = 128, Environment = Safari, Model.Unique = steerable-nafx:
 contrast                                 ratio       SE   df null  t.ratio
 (wasm-bypass wasm) / (js-bypass wasm) 9.16e-01 0.028300 1296    1   -2.839
 (wasm-bypass wasm) / (js-onnx wasm)   7.87e-03 0.000243 1296    1 -157.020
 (wasm-bypass wasm) / (wasm-onnx wasm) 7.79e-03 0.000240 1296    1 -157.349
 (wasm-bypass wasm) / (wasm-bypass js) 9.32e-01 0.028800 1296    1   -2.288
 (wasm-bypass wasm) / (js-bypass js)   8.97e-01 0.027700 1296    1   -3.510
 (wasm-bypass wasm) / (js-onnx js)     7.86e-03 0.000242 1296    1 -157.074
 (wasm-bypass wasm) / (wasm-onnx js)   7.79e-03 0.000240 1296    1 -157.369
 (js-bypass wasm) / (js-onnx wasm)     8.59e-03 0.000265 1296    1 -154.181
 (js-bypass wasm) / (wasm-onnx wasm)   8.50e-03 0.000262 1296    1 -154.510
 (js-bypass wasm) / (wasm-bypass js)   1.02e+00 0.031400 1296    1    0.551
 (js-bypass wasm) / (js-bypass js)     9.80e-01 0.030200 1296    1   -0.671
 (js-bypass wasm) / (js-onnx js)       8.58e-03 0.000265 1296    1 -154.235
 (js-bypass wasm) / (wasm-onnx js)     8.50e-03 0.000262 1296    1 -154.530
 (js-onnx wasm) / (wasm-onnx wasm)     9.90e-01 0.030500 1296    1   -0.330
 (js-onnx wasm) / (wasm-bypass js)     1.18e+02 3.650000 1296    1  154.731
 (js-onnx wasm) / (js-bypass js)       1.14e+02 3.520000 1296    1  153.510
 (js-onnx wasm) / (js-onnx js)         9.98e-01 0.030800 1296    1   -0.054
 (js-onnx wasm) / (wasm-onnx js)       9.89e-01 0.030500 1296    1   -0.349
 (wasm-onnx wasm) / (wasm-bypass js)   1.20e+02 3.690000 1296    1  155.061
 (wasm-onnx wasm) / (js-bypass js)     1.15e+02 3.550000 1296    1  153.839
 (wasm-onnx wasm) / (js-onnx js)       1.01e+00 0.031100 1296    1    0.276
 (wasm-onnx wasm) / (wasm-onnx js)     9.99e-01 0.030800 1296    1   -0.019
 (wasm-bypass js) / (js-bypass js)     9.63e-01 0.029700 1296    1   -1.222
 (wasm-bypass js) / (js-onnx js)       8.43e-03 0.000260 1296    1 -154.786
 (wasm-bypass js) / (wasm-onnx js)     8.35e-03 0.000258 1296    1 -155.080
 (js-bypass js) / (js-onnx js)         8.76e-03 0.000270 1296    1 -153.564
 (js-bypass js) / (wasm-onnx js)       8.68e-03 0.000268 1296    1 -153.859
 (js-onnx js) / (wasm-onnx js)         9.91e-01 0.030600 1296    1   -0.295
 p.value
  0.0506
 <0.0001
 <0.0001
  0.2229
  0.0056
 <0.0001
 <0.0001
 <0.0001
 <0.0001
  1.0000
  1.0000
 <0.0001
 <0.0001
  1.0000
 <0.0001
 <0.0001
  1.0000
  1.0000
 <0.0001
 <0.0001
  1.0000
  1.0000
  1.0000
 <0.0001
 <0.0001
 <0.0001
 <0.0001
  1.0000

Buffer.Size = 1024, Environment = Safari, Model.Unique = steerable-nafx:
 contrast                                 ratio       SE   df null  t.ratio
 (wasm-bypass wasm) / (js-bypass wasm) 8.40e-01 0.025900 1296    1   -5.637
 (wasm-bypass wasm) / (js-onnx wasm)   8.00e-03 0.000247 1296    1 -156.504
 (wasm-bypass wasm) / (wasm-onnx wasm) 7.88e-03 0.000243 1296    1 -156.978
 (wasm-bypass wasm) / (wasm-bypass js) 9.80e-01 0.030200 1296    1   -0.665
 (wasm-bypass wasm) / (js-bypass js)   8.01e-01 0.024700 1296    1   -7.171
 (wasm-bypass wasm) / (js-onnx js)     7.99e-03 0.000247 1296    1 -156.528
 (wasm-bypass wasm) / (wasm-onnx js)   7.86e-03 0.000243 1296    1 -157.060
 (js-bypass wasm) / (js-onnx wasm)     9.51e-03 0.000294 1296    1 -150.867
 (js-bypass wasm) / (wasm-onnx wasm)   9.38e-03 0.000289 1296    1 -151.341
 (js-bypass wasm) / (wasm-bypass js)   1.17e+00 0.036000 1296    1    4.972
 (js-bypass wasm) / (js-bypass js)     9.54e-01 0.029400 1296    1   -1.534
 (js-bypass wasm) / (js-onnx js)       9.51e-03 0.000293 1296    1 -150.891
 (js-bypass wasm) / (wasm-onnx js)     9.35e-03 0.000289 1296    1 -151.423
 (js-onnx wasm) / (wasm-onnx wasm)     9.85e-01 0.030400 1296    1   -0.474
 (js-onnx wasm) / (wasm-bypass js)     1.23e+02 3.780000 1296    1  155.839
 (js-onnx wasm) / (js-bypass js)       1.00e+02 3.090000 1296    1  149.332
 (js-onnx wasm) / (js-onnx js)         9.99e-01 0.030800 1296    1   -0.024
 (js-onnx wasm) / (wasm-onnx js)       9.83e-01 0.030300 1296    1   -0.557
 (wasm-onnx wasm) / (wasm-bypass js)   1.24e+02 3.840000 1296    1  156.313
 (wasm-onnx wasm) / (js-bypass js)     1.02e+02 3.140000 1296    1  149.806
 (wasm-onnx wasm) / (js-onnx js)       1.01e+00 0.031300 1296    1    0.450
 (wasm-onnx wasm) / (wasm-onnx js)     9.97e-01 0.030800 1296    1   -0.082
 (wasm-bypass js) / (js-bypass js)     8.18e-01 0.025200 1296    1   -6.506
 (wasm-bypass js) / (js-onnx js)       8.16e-03 0.000252 1296    1 -155.863
 (wasm-bypass js) / (wasm-onnx js)     8.02e-03 0.000248 1296    1 -156.395
 (js-bypass js) / (js-onnx js)         9.97e-03 0.000308 1296    1 -149.356
 (js-bypass js) / (wasm-onnx js)       9.81e-03 0.000303 1296    1 -149.889
 (js-onnx js) / (wasm-onnx js)         9.84e-01 0.030400 1296    1   -0.533
 p.value
 <0.0001
 <0.0001
 <0.0001
  1.0000
 <0.0001
 <0.0001
 <0.0001
 <0.0001
 <0.0001
 <0.0001
  1.0000
 <0.0001
 <0.0001
  1.0000
 <0.0001
 <0.0001
  1.0000
  1.0000
 <0.0001
 <0.0001
  1.0000
  1.0000
 <0.0001
 <0.0001
 <0.0001
 <0.0001
 <0.0001
  1.0000

Buffer.Size = 8192, Environment = Safari, Model.Unique = steerable-nafx:
 contrast                                 ratio       SE   df null  t.ratio
 (wasm-bypass wasm) / (js-bypass wasm) 6.19e-01 0.019100 1296    1  -15.552
 (wasm-bypass wasm) / (js-onnx wasm)   8.73e-03 0.000269 1296    1 -153.663
 (wasm-bypass wasm) / (wasm-onnx wasm) 8.50e-03 0.000262 1296    1 -154.523
 (wasm-bypass wasm) / (wasm-bypass js) 1.01e+00 0.031100 1296    1    0.308
 (wasm-bypass wasm) / (js-bypass js)   5.45e-01 0.016800 1296    1  -19.654
 (wasm-bypass wasm) / (js-onnx js)     8.82e-03 0.000272 1296    1 -153.321
 (wasm-bypass wasm) / (wasm-onnx js)   8.59e-03 0.000265 1296    1 -154.170
 (js-bypass wasm) / (js-onnx wasm)     1.41e-02 0.000435 1296    1 -138.111
 (js-bypass wasm) / (wasm-onnx wasm)   1.37e-02 0.000424 1296    1 -138.971
 (js-bypass wasm) / (wasm-bypass js)   1.63e+00 0.050300 1296    1   15.860
 (js-bypass wasm) / (js-bypass js)     8.81e-01 0.027200 1296    1   -4.102
 (js-bypass wasm) / (js-onnx js)       1.43e-02 0.000440 1296    1 -137.769
 (js-bypass wasm) / (wasm-onnx js)     1.39e-02 0.000428 1296    1 -138.618
 (js-onnx wasm) / (wasm-onnx wasm)     9.74e-01 0.030000 1296    1   -0.860
 (js-onnx wasm) / (wasm-bypass js)     1.16e+02 3.570000 1296    1  153.972
 (js-onnx wasm) / (js-bypass js)       6.25e+01 1.930000 1296    1  134.009
 (js-onnx wasm) / (js-onnx js)         1.01e+00 0.031200 1296    1    0.342
 (js-onnx wasm) / (wasm-onnx js)       9.84e-01 0.030400 1296    1   -0.507
 (wasm-onnx wasm) / (wasm-bypass js)   1.19e+02 3.660000 1296    1  154.832
 (wasm-onnx wasm) / (js-bypass js)     6.42e+01 1.980000 1296    1  134.869
 (wasm-onnx wasm) / (js-onnx js)       1.04e+00 0.032000 1296    1    1.202
 (wasm-onnx wasm) / (wasm-onnx js)     1.01e+00 0.031200 1296    1    0.353
 (wasm-bypass js) / (js-bypass js)     5.40e-01 0.016700 1296    1  -19.963
 (wasm-bypass js) / (js-onnx js)       8.74e-03 0.000270 1296    1 -153.629
 (wasm-bypass js) / (wasm-onnx js)     8.51e-03 0.000263 1296    1 -154.478
 (js-bypass js) / (js-onnx js)         1.62e-02 0.000499 1296    1 -133.667
 (js-bypass js) / (wasm-onnx js)       1.58e-02 0.000486 1296    1 -134.515
 (js-onnx js) / (wasm-onnx js)         9.74e-01 0.030100 1296    1   -0.849
 p.value
 <0.0001
 <0.0001
 <0.0001
  1.0000
 <0.0001
 <0.0001
 <0.0001
 <0.0001
 <0.0001
 <0.0001
  0.0003
 <0.0001
 <0.0001
  1.0000
 <0.0001
 <0.0001
  1.0000
  1.0000
 <0.0001
 <0.0001
  1.0000
  1.0000
 <0.0001
 <0.0001
 <0.0001
 <0.0001
 <0.0001
  1.0000

Results are averaged over the levels of: Iteration.Count 
Degrees-of-freedom method: kenward-roger 
P value adjustment: holm method for 28 tests 
Tests are performed on the log scale 
emm_rq3_factorial.csv written to ./results/50-10
Backend:PP interaction: p = 3.599e-21 — SIGNIFICANT: averaging over the other factor may be misleading

PP overhead (averaged over backends, per browser × model)

NOTE: Results may be misleading due to involvement in interactions
Environment = Chrome, Model.Unique = guitar-lstm:
 PP   response       SE   df lower.CL upper.CL
 wasm  0.00362 2.28e-05 1296  0.00357  0.00366
 js    0.00366 2.30e-05 1296  0.00361  0.00370

Environment = Firefox, Model.Unique = guitar-lstm:
 PP   response       SE   df lower.CL upper.CL
 wasm  0.00226 1.43e-05 1296  0.00224  0.00229
 js    0.00234 1.47e-05 1296  0.00231  0.00237

Environment = Safari, Model.Unique = guitar-lstm:
 PP   response       SE   df lower.CL upper.CL
 wasm  0.00233 1.46e-05 1296  0.00230  0.00235
 js    0.00283 1.78e-05 1296  0.00280  0.00287

Environment = Chrome, Model.Unique = steerable-nafx:
 PP   response       SE   df lower.CL upper.CL
 wasm  0.00276 1.74e-05 1296  0.00272  0.00279
 js    0.00280 1.76e-05 1296  0.00277  0.00284

Environment = Firefox, Model.Unique = steerable-nafx:
 PP   response       SE   df lower.CL upper.CL
 wasm  0.00183 1.15e-05 1296  0.00181  0.00185
 js    0.00180 1.13e-05 1296  0.00178  0.00182

Environment = Safari, Model.Unique = steerable-nafx:
 PP   response       SE   df lower.CL upper.CL
 wasm  0.00201 1.27e-05 1296  0.00199  0.00204
 js    0.00206 1.30e-05 1296  0.00203  0.00208

Results are averaged over the levels of: Backend, Buffer.Size, Iteration.Count 
Degrees-of-freedom method: kenward-roger 
Confidence level used: 0.95 
Intervals are back-transformed from the log scale 
Environment = Chrome, Model.Unique = guitar-lstm:
 contrast  ratio      SE   df null t.ratio p.value
 wasm / js 0.989 0.00881 1296    1  -1.265  0.2062

Environment = Firefox, Model.Unique = guitar-lstm:
 contrast  ratio      SE   df null t.ratio p.value
 wasm / js 0.967 0.00861 1296    1  -3.742  0.0002

Environment = Safari, Model.Unique = guitar-lstm:
 contrast  ratio      SE   df null t.ratio p.value
 wasm / js 0.821 0.00731 1296    1 -22.123 <0.0001

Environment = Chrome, Model.Unique = steerable-nafx:
 contrast  ratio      SE   df null t.ratio p.value
 wasm / js 0.984 0.00876 1296    1  -1.840  0.0660

Environment = Firefox, Model.Unique = steerable-nafx:
 contrast  ratio      SE   df null t.ratio p.value
 wasm / js 1.018 0.00907 1296    1   2.031  0.0425

Environment = Safari, Model.Unique = steerable-nafx:
 contrast  ratio      SE   df null t.ratio p.value
 wasm / js 0.979 0.00872 1296    1  -2.436  0.0150

Results are averaged over the levels of: Backend, Buffer.Size, Iteration.Count 
Degrees-of-freedom method: kenward-roger 
Tests are performed on the log scale 
contrasts_rq3_pp_simple.csv written to ./results/50-10

Backend overhead (averaged over PP, per browser × model)

NOTE: Results may be misleading due to involvement in interactions
Environment = Chrome, Model.Unique = guitar-lstm:
 Backend     response       SE   df lower.CL upper.CL
 wasm-bypass 0.001085 9.66e-06 1296 0.001066 0.001104
 js-bypass   0.001100 9.80e-06 1296 0.001081 0.001120
 js-onnx     0.012270 1.09e-04 1296 0.012058 0.012487
 wasm-onnx   0.011955 1.06e-04 1296 0.011748 0.012166

Environment = Firefox, Model.Unique = guitar-lstm:
 Backend     response       SE   df lower.CL upper.CL
 wasm-bypass 0.000822 7.32e-06 1296 0.000807 0.000836
 js-bypass   0.000835 7.44e-06 1296 0.000820 0.000850
 js-onnx     0.006132 5.46e-05 1296 0.006026 0.006240
 wasm-onnx   0.006678 5.95e-05 1296 0.006563 0.006796

Environment = Safari, Model.Unique = guitar-lstm:
 Backend     response       SE   df lower.CL upper.CL
 wasm-bypass 0.000954 8.49e-06 1296 0.000937 0.000971
 js-bypass   0.000979 8.72e-06 1296 0.000962 0.000996
 js-onnx     0.007209 6.42e-05 1296 0.007084 0.007336
 wasm-onnx   0.006445 5.74e-05 1296 0.006333 0.006558

Environment = Chrome, Model.Unique = steerable-nafx:
 Backend     response       SE   df lower.CL upper.CL
 wasm-bypass 0.000178 1.59e-06 1296 0.000175 0.000181
 js-bypass   0.000186 1.66e-06 1296 0.000183 0.000190
 js-onnx     0.042368 3.77e-04 1296 0.041634 0.043114
 wasm-onnx   0.042322 3.77e-04 1296 0.041589 0.043068

Environment = Firefox, Model.Unique = steerable-nafx:
 Backend     response       SE   df lower.CL upper.CL
 wasm-bypass 0.000152 1.35e-06 1296 0.000149 0.000155
 js-bypass   0.000164 1.46e-06 1296 0.000161 0.000167
 js-onnx     0.020558 1.83e-04 1296 0.020202 0.020920
 wasm-onnx   0.021104 1.88e-04 1296 0.020738 0.021476

Environment = Safari, Model.Unique = steerable-nafx:
 Backend     response       SE   df lower.CL upper.CL
 wasm-bypass 0.000173 1.54e-06 1296 0.000170 0.000176
 js-bypass   0.000226 2.01e-06 1296 0.000222 0.000230
 js-onnx     0.020800 1.85e-04 1296 0.020440 0.021167
 wasm-onnx   0.021161 1.88e-04 1296 0.020794 0.021534

Results are averaged over the levels of: PP, Buffer.Size, Iteration.Count 
Degrees-of-freedom method: kenward-roger 
Confidence level used: 0.95 
Intervals are back-transformed from the log scale 
Environment = Chrome, Model.Unique = guitar-lstm:
 contrast                      ratio       SE   df null  t.ratio p.value
 (wasm-bypass) / (js-bypass) 0.98611 1.24e-02 1296    1   -1.111  0.2669
 (wasm-bypass) / (js-onnx)   0.08842 1.11e-03 1296    1 -192.571 <0.0001
 (wasm-bypass) / (wasm-onnx) 0.09075 1.14e-03 1296    1 -190.503 <0.0001
 (js-bypass) / (js-onnx)     0.08966 1.13e-03 1296    1 -191.460 <0.0001
 (js-bypass) / (wasm-onnx)   0.09203 1.16e-03 1296    1 -189.392 <0.0001
 (js-onnx) / (wasm-onnx)     1.02639 1.29e-02 1296    1    2.068  0.0777

Environment = Firefox, Model.Unique = guitar-lstm:
 contrast                      ratio       SE   df null  t.ratio p.value
 (wasm-bypass) / (js-bypass) 0.98415 1.24e-02 1296    1   -1.268  0.2050
 (wasm-bypass) / (js-onnx)   0.13400 1.69e-03 1296    1 -159.567 <0.0001
 (wasm-bypass) / (wasm-onnx) 0.12303 1.55e-03 1296    1 -166.342 <0.0001
 (js-bypass) / (js-onnx)     0.13615 1.72e-03 1296    1 -158.299 <0.0001
 (js-bypass) / (wasm-onnx)   0.12502 1.57e-03 1296    1 -165.074 <0.0001
 (js-onnx) / (wasm-onnx)     0.91819 1.16e-02 1296    1   -6.776 <0.0001

Environment = Safari, Model.Unique = guitar-lstm:
 contrast                      ratio       SE   df null  t.ratio p.value
 (wasm-bypass) / (js-bypass) 0.97467 1.23e-02 1296    1   -2.037  0.0419
 (wasm-bypass) / (js-onnx)   0.13229 1.67e-03 1296    1 -160.582 <0.0001
 (wasm-bypass) / (wasm-onnx) 0.14799 1.86e-03 1296    1 -151.683 <0.0001
 (js-bypass) / (js-onnx)     0.13573 1.71e-03 1296    1 -158.545 <0.0001
 (js-bypass) / (wasm-onnx)   0.15183 1.91e-03 1296    1 -149.646 <0.0001
 (js-onnx) / (wasm-onnx)     1.11862 1.41e-02 1296    1    8.899 <0.0001

Environment = Chrome, Model.Unique = steerable-nafx:
 contrast                      ratio       SE   df null  t.ratio p.value
 (wasm-bypass) / (js-bypass) 0.95744 1.21e-02 1296    1   -3.453  0.0011
 (wasm-bypass) / (js-onnx)   0.00421 5.30e-05 1296    1 -434.299 <0.0001
 (wasm-bypass) / (wasm-onnx) 0.00421 5.31e-05 1296    1 -434.215 <0.0001
 (js-bypass) / (js-onnx)     0.00440 5.54e-05 1296    1 -430.847 <0.0001
 (js-bypass) / (wasm-onnx)   0.00440 5.54e-05 1296    1 -430.762 <0.0001
 (js-onnx) / (wasm-onnx)     1.00107 1.26e-02 1296    1    0.085  0.9326

Environment = Firefox, Model.Unique = steerable-nafx:
 contrast                      ratio       SE   df null  t.ratio p.value
 (wasm-bypass) / (js-bypass) 0.92544 1.17e-02 1296    1   -6.152 <0.0001
 (wasm-bypass) / (js-onnx)   0.00739 9.31e-05 1296    1 -389.610 <0.0001
 (wasm-bypass) / (wasm-onnx) 0.00720 9.07e-05 1296    1 -391.690 <0.0001
 (js-bypass) / (js-onnx)     0.00799 1.01e-04 1296    1 -383.458 <0.0001
 (js-bypass) / (wasm-onnx)   0.00778 9.80e-05 1296    1 -385.539 <0.0001
 (js-onnx) / (wasm-onnx)     0.97413 1.23e-02 1296    1   -2.081  0.0377

Environment = Safari, Model.Unique = steerable-nafx:
 contrast                      ratio       SE   df null  t.ratio p.value
 (wasm-bypass) / (js-bypass) 0.76647 9.65e-03 1296    1  -21.114 <0.0001
 (wasm-bypass) / (js-onnx)   0.00831 1.05e-04 1296    1 -380.269 <0.0001
 (wasm-bypass) / (wasm-onnx) 0.00817 1.03e-04 1296    1 -381.632 <0.0001
 (js-bypass) / (js-onnx)     0.01085 1.37e-04 1296    1 -359.154 <0.0001
 (js-bypass) / (wasm-onnx)   0.01066 1.34e-04 1296    1 -360.518 <0.0001
 (js-onnx) / (wasm-onnx)     0.98297 1.24e-02 1296    1   -1.364  0.1729

Results are averaged over the levels of: PP, Buffer.Size, Iteration.Count 
Degrees-of-freedom method: kenward-roger 
P value adjustment: holm method for 6 tests 
Tests are performed on the log scale 
contrasts_rq3_backend_simple.csv written to ./results/50-10

#####################################################################
# Clean up the environment
#####################################################################

Remaining attached packages:
Remaining objects in the environment:
Removing all objects from the environment...
Remaining objects in the environment:
Warning messages:
1: In q("no", save = "no") : NAs introduced by coercion
2: In q("no", save = "no") : invalid 'status', 0 assumed
